<?xml version="1.0" encoding="UTF-8"?>
<testsuite xmlns:xsi="http://www.w3.org/2001/XMLSchema-instance" xsi:noNamespaceSchemaLocation="https://maven.apache.org/surefire/maven-surefire-plugin/xsd/surefire-test-report-3.0.xsd" version="3.0" name="org.hisp.dhis.integration.camel.route.HelloWorldRouteBuilderFunctionalTestCase" time="28.928" tests="1" errors="0" skipped="0" failures="1">
  <properties>
    <property name="java.specification.version" value="17"/>
    <property name="sun.jnu.encoding" value="UTF-8"/>
    <property name="java.class.path" value="/home/cjmamo/scm/dhis2/reference-fhir-civil-registry-lookup/oauth-route-middleware/target/test-classes:/home/cjmamo/scm/dhis2/reference-fhir-civil-registry-lookup/oauth-route-middleware/target/classes:/home/cjmamo/.m2/repository/org/springframework/boot/spring-boot-starter-web/3.3.4/spring-boot-starter-web-3.3.4.jar:/home/cjmamo/.m2/repository/org/springframework/boot/spring-boot-starter/3.3.4/spring-boot-starter-3.3.4.jar:/home/cjmamo/.m2/repository/org/springframework/boot/spring-boot/3.3.4/spring-boot-3.3.4.jar:/home/cjmamo/.m2/repository/org/springframework/boot/spring-boot-autoconfigure/3.3.4/spring-boot-autoconfigure-3.3.4.jar:/home/cjmamo/.m2/repository/org/springframework/boot/spring-boot-starter-logging/3.3.4/spring-boot-starter-logging-3.3.4.jar:/home/cjmamo/.m2/repository/ch/qos/logback/logback-classic/1.5.8/logback-classic-1.5.8.jar:/home/cjmamo/.m2/repository/ch/qos/logback/logback-core/1.5.8/logback-core-1.5.8.jar:/home/cjmamo/.m2/repository/org/apache/logging/log4j/log4j-to-slf4j/2.23.1/log4j-to-slf4j-2.23.1.jar:/home/cjmamo/.m2/repository/org/apache/logging/log4j/log4j-api/2.23.1/log4j-api-2.23.1.jar:/home/cjmamo/.m2/repository/org/slf4j/jul-to-slf4j/2.0.16/jul-to-slf4j-2.0.16.jar:/home/cjmamo/.m2/repository/jakarta/annotation/jakarta.annotation-api/2.1.1/jakarta.annotation-api-2.1.1.jar:/home/cjmamo/.m2/repository/org/yaml/snakeyaml/2.2/snakeyaml-2.2.jar:/home/cjmamo/.m2/repository/org/springframework/boot/spring-boot-starter-json/3.3.4/spring-boot-starter-json-3.3.4.jar:/home/cjmamo/.m2/repository/com/fasterxml/jackson/core/jackson-databind/2.17.2/jackson-databind-2.17.2.jar:/home/cjmamo/.m2/repository/com/fasterxml/jackson/core/jackson-annotations/2.17.2/jackson-annotations-2.17.2.jar:/home/cjmamo/.m2/repository/com/fasterxml/jackson/core/jackson-core/2.17.2/jackson-core-2.17.2.jar:/home/cjmamo/.m2/repository/com/fasterxml/jackson/datatype/jackson-datatype-jdk8/2.17.2/jackson-datatype-jdk8-2.17.2.jar:/home/cjmamo/.m2/repository/com/fasterxml/jackson/datatype/jackson-datatype-jsr310/2.17.2/jackson-datatype-jsr310-2.17.2.jar:/home/cjmamo/.m2/repository/com/fasterxml/jackson/module/jackson-module-parameter-names/2.17.2/jackson-module-parameter-names-2.17.2.jar:/home/cjmamo/.m2/repository/org/springframework/boot/spring-boot-starter-tomcat/3.3.4/spring-boot-starter-tomcat-3.3.4.jar:/home/cjmamo/.m2/repository/org/apache/tomcat/embed/tomcat-embed-core/10.1.30/tomcat-embed-core-10.1.30.jar:/home/cjmamo/.m2/repository/org/apache/tomcat/embed/tomcat-embed-el/10.1.30/tomcat-embed-el-10.1.30.jar:/home/cjmamo/.m2/repository/org/apache/tomcat/embed/tomcat-embed-websocket/10.1.30/tomcat-embed-websocket-10.1.30.jar:/home/cjmamo/.m2/repository/org/springframework/spring-web/6.1.13/spring-web-6.1.13.jar:/home/cjmamo/.m2/repository/org/springframework/spring-beans/6.1.13/spring-beans-6.1.13.jar:/home/cjmamo/.m2/repository/io/micrometer/micrometer-observation/1.13.4/micrometer-observation-1.13.4.jar:/home/cjmamo/.m2/repository/io/micrometer/micrometer-commons/1.13.4/micrometer-commons-1.13.4.jar:/home/cjmamo/.m2/repository/org/springframework/spring-webmvc/6.1.13/spring-webmvc-6.1.13.jar:/home/cjmamo/.m2/repository/org/springframework/spring-context/6.1.13/spring-context-6.1.13.jar:/home/cjmamo/.m2/repository/org/springframework/spring-expression/6.1.13/spring-expression-6.1.13.jar:/home/cjmamo/.m2/repository/org/springframework/boot/spring-boot-starter-security/3.3.4/spring-boot-starter-security-3.3.4.jar:/home/cjmamo/.m2/repository/org/springframework/spring-aop/6.1.13/spring-aop-6.1.13.jar:/home/cjmamo/.m2/repository/org/springframework/security/spring-security-config/6.3.3/spring-security-config-6.3.3.jar:/home/cjmamo/.m2/repository/org/springframework/security/spring-security-core/6.3.3/spring-security-core-6.3.3.jar:/home/cjmamo/.m2/repository/org/springframework/security/spring-security-crypto/6.3.3/spring-security-crypto-6.3.3.jar:/home/cjmamo/.m2/repository/org/springframework/security/spring-security-web/6.3.3/spring-security-web-6.3.3.jar:/home/cjmamo/.m2/repository/org/apache/camel/camel-dhis2/4.8.0/camel-dhis2-4.8.0.jar:/home/cjmamo/.m2/repository/org/apache/camel/camel-support/4.8.0/camel-support-4.8.0.jar:/home/cjmamo/.m2/repository/org/apache/camel/camel-api/4.8.0/camel-api-4.8.0.jar:/home/cjmamo/.m2/repository/org/apache/camel/camel-management-api/4.8.0/camel-management-api-4.8.0.jar:/home/cjmamo/.m2/repository/org/apache/camel/camel-util/4.8.0/camel-util-4.8.0.jar:/home/cjmamo/.m2/repository/org/apache/camel/camel-util-json/4.8.0/camel-util-json-4.8.0.jar:/home/cjmamo/.m2/repository/org/apache/camel/camel-xml-jaxp-util/4.8.0/camel-xml-jaxp-util-4.8.0.jar:/home/cjmamo/.m2/repository/org/slf4j/slf4j-api/2.0.16/slf4j-api-2.0.16.jar:/home/cjmamo/.m2/repository/org/apache/camel/camel-jackson/4.8.0/camel-jackson-4.8.0.jar:/home/cjmamo/.m2/repository/org/apache/camel/camel-core-engine/4.8.0/camel-core-engine-4.8.0.jar:/home/cjmamo/.m2/repository/org/apache/camel/camel-base-engine/4.8.0/camel-base-engine-4.8.0.jar:/home/cjmamo/.m2/repository/org/apache/camel/camel-base/4.8.0/camel-base-4.8.0.jar:/home/cjmamo/.m2/repository/org/apache/camel/camel-core-reifier/4.8.0/camel-core-reifier-4.8.0.jar:/home/cjmamo/.m2/repository/org/apache/camel/camel-core-processor/4.8.0/camel-core-processor-4.8.0.jar:/home/cjmamo/.m2/repository/org/apache/camel/camel-dhis2-api/4.8.0/camel-dhis2-api-4.8.0.jar:/home/cjmamo/.m2/repository/org/hisp/dhis/integration/sdk/dhis2-java-sdk/3.0.0/dhis2-java-sdk-3.0.0.jar:/home/cjmamo/.m2/repository/com/squareup/okhttp3/okhttp/4.12.0/okhttp-4.12.0.jar:/home/cjmamo/.m2/repository/com/squareup/okio/okio/3.6.0/okio-3.6.0.jar:/home/cjmamo/.m2/repository/com/squareup/okio/okio-jvm/3.6.0/okio-jvm-3.6.0.jar:/home/cjmamo/.m2/repository/org/jetbrains/kotlin/kotlin-stdlib-common/1.9.25/kotlin-stdlib-common-1.9.25.jar:/home/cjmamo/.m2/repository/org/jetbrains/kotlin/kotlin-stdlib-jdk8/1.9.25/kotlin-stdlib-jdk8-1.9.25.jar:/home/cjmamo/.m2/repository/org/jetbrains/kotlin/kotlin-stdlib/1.9.25/kotlin-stdlib-1.9.25.jar:/home/cjmamo/.m2/repository/org/jetbrains/kotlin/kotlin-stdlib-jdk7/1.9.25/kotlin-stdlib-jdk7-1.9.25.jar:/home/cjmamo/.m2/repository/org/hisp/dhis/integration/sdk/jackson-resource-model/3.0.0/jackson-resource-model-3.0.0-v40.2.2.jar:/home/cjmamo/.m2/repository/org/hisp/dhis/integration/sdk/jackson-resource-model/3.0.0/jackson-resource-model-3.0.0-v2.39.1.jar:/home/cjmamo/.m2/repository/org/apache/camel/springboot/camel-servlet-starter/4.8.0/camel-servlet-starter-4.8.0.jar:/home/cjmamo/.m2/repository/org/apache/camel/camel-servlet/4.8.0/camel-servlet-4.8.0.jar:/home/cjmamo/.m2/repository/org/apache/camel/camel-http-common/4.8.0/camel-http-common-4.8.0.jar:/home/cjmamo/.m2/repository/org/apache/camel/camel-http-base/4.8.0/camel-http-base-4.8.0.jar:/home/cjmamo/.m2/repository/org/apache/camel/camel-attachments/4.8.0/camel-attachments-4.8.0.jar:/home/cjmamo/.m2/repository/org/apache/camel/springboot/camel-core-starter/4.8.0/camel-core-starter-4.8.0.jar:/home/cjmamo/.m2/repository/org/apache/camel/springboot/camel-fhir-starter/4.8.0/camel-fhir-starter-4.8.0.jar:/home/cjmamo/.m2/repository/org/apache/camel/camel-fhir/4.8.0/camel-fhir-4.8.0.jar:/home/cjmamo/.m2/repository/org/apache/commons/commons-text/1.12.0/commons-text-1.12.0.jar:/home/cjmamo/.m2/repository/ca/uhn/hapi/fhir/hapi-fhir-base/7.4.0/hapi-fhir-base-7.4.0.jar:/home/cjmamo/.m2/repository/com/google/guava/guava/33.2.1-jre/guava-33.2.1-jre.jar:/home/cjmamo/.m2/repository/com/google/guava/failureaccess/1.0.2/failureaccess-1.0.2.jar:/home/cjmamo/.m2/repository/com/google/guava/listenablefuture/9999.0-empty-to-avoid-conflict-with-guava/listenablefuture-9999.0-empty-to-avoid-conflict-with-guava.jar:/home/cjmamo/.m2/repository/com/google/j2objc/j2objc-annotations/3.0.0/j2objc-annotations-3.0.0.jar:/home/cjmamo/.m2/repository/org/slf4j/jcl-over-slf4j/2.0.16/jcl-over-slf4j-2.0.16.jar:/home/cjmamo/.m2/repository/com/google/code/findbugs/jsr305/3.0.2/jsr305-3.0.2.jar:/home/cjmamo/.m2/repository/io/opentelemetry/opentelemetry-api/1.37.0/opentelemetry-api-1.37.0.jar:/home/cjmamo/.m2/repository/io/opentelemetry/opentelemetry-context/1.37.0/opentelemetry-context-1.37.0.jar:/home/cjmamo/.m2/repository/io/opentelemetry/instrumentation/opentelemetry-instrumentation-annotations/2.4.0/opentelemetry-instrumentation-annotations-2.4.0.jar:/home/cjmamo/.m2/repository/ca/uhn/hapi/fhir/hapi-fhir-client/7.4.0/hapi-fhir-client-7.4.0.jar:/home/cjmamo/.m2/repository/org/apache/camel/camel-fhir-api/4.8.0/camel-fhir-api-4.8.0.jar:/home/cjmamo/.m2/repository/ca/uhn/hapi/fhir/hapi-fhir-structures-r5/7.4.0/hapi-fhir-structures-r5-7.4.0.jar:/home/cjmamo/.m2/repository/ca/uhn/hapi/fhir/org.hl7.fhir.utilities/6.3.11/org.hl7.fhir.utilities-6.3.11.jar:/home/cjmamo/.m2/repository/com/ibm/icu/icu4j/72.1/icu4j-72.1.jar:/home/cjmamo/.m2/repository/ca/uhn/hapi/fhir/org.hl7.fhir.r5/6.3.11/org.hl7.fhir.r5-6.3.11.jar:/home/cjmamo/.m2/repository/net/sourceforge/plantuml/plantuml-mit/1.2023.9/plantuml-mit-1.2023.9.jar:/home/cjmamo/.m2/repository/ca/uhn/hapi/fhir/hapi-fhir-caching-api/7.4.0/hapi-fhir-caching-api-7.4.0.jar:/home/cjmamo/.m2/repository/ca/uhn/hapi/fhir/hapi-fhir-structures-r4/7.4.0/hapi-fhir-structures-r4-7.4.0.jar:/home/cjmamo/.m2/repository/ca/uhn/hapi/fhir/org.hl7.fhir.r4/6.3.11/org.hl7.fhir.r4-6.3.11.jar:/home/cjmamo/.m2/repository/ca/uhn/hapi/fhir/hapi-fhir-structures-dstu3/7.4.0/hapi-fhir-structures-dstu3-7.4.0.jar:/home/cjmamo/.m2/repository/ca/uhn/hapi/fhir/org.hl7.fhir.dstu3/6.3.11/org.hl7.fhir.dstu3-6.3.11.jar:/home/cjmamo/.m2/repository/ca/uhn/hapi/fhir/hapi-fhir-structures-dstu2/7.4.0/hapi-fhir-structures-dstu2-7.4.0.jar:/home/cjmamo/.m2/repository/ca/uhn/hapi/fhir/hapi-fhir-structures-dstu2.1/7.4.0/hapi-fhir-structures-dstu2.1-7.4.0.jar:/home/cjmamo/.m2/repository/ca/uhn/hapi/fhir/org.hl7.fhir.dstu2016may/6.3.11/org.hl7.fhir.dstu2016may-6.3.11.jar:/home/cjmamo/.m2/repository/org/ogce/xpp3/1.1.6/xpp3-1.1.6.jar:/home/cjmamo/.m2/repository/jakarta-regexp/jakarta-regexp/1.4/jakarta-regexp-1.4.jar:/home/cjmamo/.m2/repository/ca/uhn/hapi/fhir/hapi-fhir-structures-hl7org-dstu2/7.4.0/hapi-fhir-structures-hl7org-dstu2-7.4.0.jar:/home/cjmamo/.m2/repository/ca/uhn/hapi/fhir/org.hl7.fhir.dstu2/6.3.11/org.hl7.fhir.dstu2-6.3.11.jar:/home/cjmamo/.m2/repository/org/apache/camel/springboot/camel-spring-boot-starter/4.8.0/camel-spring-boot-starter-4.8.0.jar:/home/cjmamo/.m2/repository/org/apache/camel/springboot/camel-spring-boot/4.8.0/camel-spring-boot-4.8.0.jar:/home/cjmamo/.m2/repository/org/apache/camel/camel-spring/4.8.0/camel-spring-4.8.0.jar:/home/cjmamo/.m2/repository/org/springframework/spring-tx/6.1.13/spring-tx-6.1.13.jar:/home/cjmamo/.m2/repository/org/apache/camel/camel-spring-main/4.8.0/camel-spring-main-4.8.0.jar:/home/cjmamo/.m2/repository/org/apache/camel/camel-main/4.8.0/camel-main-4.8.0.jar:/home/cjmamo/.m2/repository/org/apache/camel/camel-cloud/4.8.0/camel-cloud-4.8.0.jar:/home/cjmamo/.m2/repository/org/apache/camel/camel-core-model/4.8.0/camel-core-model-4.8.0.jar:/home/cjmamo/.m2/repository/org/apache/camel/camel-cluster/4.8.0/camel-cluster-4.8.0.jar:/home/cjmamo/.m2/repository/org/apache/camel/camel-health/4.8.0/camel-health-4.8.0.jar:/home/cjmamo/.m2/repository/org/apache/camel/springboot/camel-bean-starter/4.8.0/camel-bean-starter-4.8.0.jar:/home/cjmamo/.m2/repository/org/apache/camel/camel-bean/4.8.0/camel-bean-4.8.0.jar:/home/cjmamo/.m2/repository/org/apache/camel/springboot/camel-browse-starter/4.8.0/camel-browse-starter-4.8.0.jar:/home/cjmamo/.m2/repository/org/apache/camel/camel-browse/4.8.0/camel-browse-4.8.0.jar:/home/cjmamo/.m2/repository/org/apache/camel/springboot/camel-controlbus-starter/4.8.0/camel-controlbus-starter-4.8.0.jar:/home/cjmamo/.m2/repository/org/apache/camel/camel-controlbus/4.8.0/camel-controlbus-4.8.0.jar:/home/cjmamo/.m2/repository/org/apache/camel/springboot/camel-dataformat-starter/4.8.0/camel-dataformat-starter-4.8.0.jar:/home/cjmamo/.m2/repository/org/apache/camel/camel-dataformat/4.8.0/camel-dataformat-4.8.0.jar:/home/cjmamo/.m2/repository/org/apache/camel/springboot/camel-dataset-starter/4.8.0/camel-dataset-starter-4.8.0.jar:/home/cjmamo/.m2/repository/org/apache/camel/camel-dataset/4.8.0/camel-dataset-4.8.0.jar:/home/cjmamo/.m2/repository/org/apache/camel/springboot/camel-direct-starter/4.8.0/camel-direct-starter-4.8.0.jar:/home/cjmamo/.m2/repository/org/apache/camel/camel-direct/4.8.0/camel-direct-4.8.0.jar:/home/cjmamo/.m2/repository/org/apache/camel/springboot/camel-file-starter/4.8.0/camel-file-starter-4.8.0.jar:/home/cjmamo/.m2/repository/org/apache/camel/camel-file/4.8.0/camel-file-4.8.0.jar:/home/cjmamo/.m2/repository/org/apache/camel/springboot/camel-language-starter/4.8.0/camel-language-starter-4.8.0.jar:/home/cjmamo/.m2/repository/org/apache/camel/camel-language/4.8.0/camel-language-4.8.0.jar:/home/cjmamo/.m2/repository/org/apache/camel/springboot/camel-log-starter/4.8.0/camel-log-starter-4.8.0.jar:/home/cjmamo/.m2/repository/org/apache/camel/camel-log/4.8.0/camel-log-4.8.0.jar:/home/cjmamo/.m2/repository/org/apache/camel/springboot/camel-mock-starter/4.8.0/camel-mock-starter-4.8.0.jar:/home/cjmamo/.m2/repository/org/apache/camel/camel-mock/4.8.0/camel-mock-4.8.0.jar:/home/cjmamo/.m2/repository/org/apache/camel/springboot/camel-ref-starter/4.8.0/camel-ref-starter-4.8.0.jar:/home/cjmamo/.m2/repository/org/apache/camel/camel-ref/4.8.0/camel-ref-4.8.0.jar:/home/cjmamo/.m2/repository/org/apache/camel/springboot/camel-rest-starter/4.8.0/camel-rest-starter-4.8.0.jar:/home/cjmamo/.m2/repository/org/apache/camel/camel-rest/4.8.0/camel-rest-4.8.0.jar:/home/cjmamo/.m2/repository/org/apache/camel/camel-tooling-model/4.8.0/camel-tooling-model-4.8.0.jar:/home/cjmamo/.m2/repository/org/apache/camel/springboot/camel-saga-starter/4.8.0/camel-saga-starter-4.8.0.jar:/home/cjmamo/.m2/repository/org/apache/camel/camel-saga/4.8.0/camel-saga-4.8.0.jar:/home/cjmamo/.m2/repository/org/apache/camel/springboot/camel-scheduler-starter/4.8.0/camel-scheduler-starter-4.8.0.jar:/home/cjmamo/.m2/repository/org/apache/camel/camel-scheduler/4.8.0/camel-scheduler-4.8.0.jar:/home/cjmamo/.m2/repository/org/apache/camel/springboot/camel-seda-starter/4.8.0/camel-seda-starter-4.8.0.jar:/home/cjmamo/.m2/repository/org/apache/camel/camel-seda/4.8.0/camel-seda-4.8.0.jar:/home/cjmamo/.m2/repository/org/apache/camel/springboot/camel-stub-starter/4.8.0/camel-stub-starter-4.8.0.jar:/home/cjmamo/.m2/repository/org/apache/camel/camel-stub/4.8.0/camel-stub-4.8.0.jar:/home/cjmamo/.m2/repository/org/apache/camel/springboot/camel-timer-starter/4.8.0/camel-timer-starter-4.8.0.jar:/home/cjmamo/.m2/repository/org/apache/camel/camel-timer/4.8.0/camel-timer-4.8.0.jar:/home/cjmamo/.m2/repository/org/apache/camel/springboot/camel-validator-starter/4.8.0/camel-validator-starter-4.8.0.jar:/home/cjmamo/.m2/repository/org/apache/camel/camel-validator/4.8.0/camel-validator-4.8.0.jar:/home/cjmamo/.m2/repository/org/apache/camel/springboot/camel-xpath-starter/4.8.0/camel-xpath-starter-4.8.0.jar:/home/cjmamo/.m2/repository/org/apache/camel/camel-xpath/4.8.0/camel-xpath-4.8.0.jar:/home/cjmamo/.m2/repository/org/apache/camel/springboot/camel-xslt-starter/4.8.0/camel-xslt-starter-4.8.0.jar:/home/cjmamo/.m2/repository/org/apache/camel/camel-xslt/4.8.0/camel-xslt-4.8.0.jar:/home/cjmamo/.m2/repository/org/apache/camel/springboot/camel-xml-jaxp-starter/4.8.0/camel-xml-jaxp-starter-4.8.0.jar:/home/cjmamo/.m2/repository/org/apache/camel/camel-xml-jaxp/4.8.0/camel-xml-jaxp-4.8.0.jar:/home/cjmamo/.m2/repository/org/apache/camel/camel-xml-io-util/4.8.0/camel-xml-io-util-4.8.0.jar:/home/cjmamo/.m2/repository/org/apache/camel/springboot/camel-http-starter/4.8.0/camel-http-starter-4.8.0.jar:/home/cjmamo/.m2/repository/org/apache/camel/camel-http/4.8.0/camel-http-4.8.0.jar:/home/cjmamo/.m2/repository/jakarta/servlet/jakarta.servlet-api/6.0.0/jakarta.servlet-api-6.0.0.jar:/home/cjmamo/.m2/repository/org/apache/httpcomponents/client5/httpclient5/5.3.1/httpclient5-5.3.1.jar:/home/cjmamo/.m2/repository/org/apache/httpcomponents/core5/httpcore5/5.2.5/httpcore5-5.2.5.jar:/home/cjmamo/.m2/repository/org/apache/httpcomponents/core5/httpcore5-h2/5.2.5/httpcore5-h2-5.2.5.jar:/home/cjmamo/.m2/repository/org/apache/camel/springboot/camel-datasonnet-starter/4.8.0/camel-datasonnet-starter-4.8.0.jar:/home/cjmamo/.m2/repository/org/apache/camel/camel-datasonnet/4.8.0/camel-datasonnet-4.8.0.jar:/home/cjmamo/.m2/repository/org/scala-lang/scala-library/2.13.14/scala-library-2.13.14.jar:/home/cjmamo/.m2/repository/com/datasonnet/datasonnet-mapper/2.5.2-jakarta4/datasonnet-mapper-2.5.2-jakarta4.jar:/home/cjmamo/.m2/repository/com/lihaoyi/ujson_2.13/1.2.0/ujson_2.13-1.2.0.jar:/home/cjmamo/.m2/repository/com/lihaoyi/upickle-core_2.13/1.2.0/upickle-core_2.13-1.2.0.jar:/home/cjmamo/.m2/repository/org/scala-lang/modules/scala-collection-compat_2.13/2.1.4/scala-collection-compat_2.13-2.1.4.jar:/home/cjmamo/.m2/repository/com/lihaoyi/fastparse_2.13/2.3.0/fastparse_2.13-2.3.0.jar:/home/cjmamo/.m2/repository/com/lihaoyi/sourcecode_2.13/0.2.1/sourcecode_2.13-0.2.1.jar:/home/cjmamo/.m2/repository/com/lihaoyi/geny_2.13/0.6.0/geny_2.13-0.6.0.jar:/home/cjmamo/.m2/repository/com/lihaoyi/pprint_2.13/0.5.9/pprint_2.13-0.5.9.jar:/home/cjmamo/.m2/repository/com/lihaoyi/fansi_2.13/0.2.9/fansi_2.13-0.2.9.jar:/home/cjmamo/.m2/repository/com/lihaoyi/scalatags_2.13/0.9.1/scalatags_2.13-0.9.1.jar:/home/cjmamo/.m2/repository/org/jetbrains/annotations/13.0/annotations-13.0.jar:/home/cjmamo/.m2/repository/com/fasterxml/jackson/dataformat/jackson-dataformat-csv/2.17.2/jackson-dataformat-csv-2.17.2.jar:/home/cjmamo/.m2/repository/com/fasterxml/jackson/dataformat/jackson-dataformat-yaml/2.17.2/jackson-dataformat-yaml-2.17.2.jar:/home/cjmamo/.m2/repository/com/fasterxml/jackson/dataformat/jackson-dataformat-properties/2.17.2/jackson-dataformat-properties-2.17.2.jar:/home/cjmamo/.m2/repository/commons-fileupload/commons-fileupload/1.5/commons-fileupload-1.5.jar:/home/cjmamo/.m2/repository/javax/servlet/javax.servlet-api/4.0.1/javax.servlet-api-4.0.1.jar:/home/cjmamo/.m2/repository/org/bouncycastle/bcpg-jdk15on/1.69/bcpg-jdk15on-1.69.jar:/home/cjmamo/.m2/repository/org/bouncycastle/bcprov-ext-jdk15on/1.69/bcprov-ext-jdk15on-1.69.jar:/home/cjmamo/.m2/repository/org/bouncycastle/bcprov-jdk15on/1.69/bcprov-jdk15on-1.69.jar:/home/cjmamo/.m2/repository/org/bouncycastle/bcpkix-jdk15on/1.69/bcpkix-jdk15on-1.69.jar:/home/cjmamo/.m2/repository/org/bouncycastle/bcutil-jdk15on/1.69/bcutil-jdk15on-1.69.jar:/home/cjmamo/.m2/repository/com/google/re2j/re2j/1.4/re2j-1.4.jar:/home/cjmamo/.m2/repository/info/picocli/picocli/4.5.1/picocli-4.5.1.jar:/home/cjmamo/.m2/repository/commons-io/commons-io/2.16.1/commons-io-2.16.1.jar:/home/cjmamo/.m2/repository/io/github/classgraph/classgraph/4.8.175/classgraph-4.8.175.jar:/home/cjmamo/.m2/repository/org/apache/camel/springboot/camel-jackson-starter/4.8.0/camel-jackson-starter-4.8.0.jar:/home/cjmamo/.m2/repository/org/apache/camel/springboot/camel-management-starter/4.8.0/camel-management-starter-4.8.0.jar:/home/cjmamo/.m2/repository/org/apache/camel/camel-management/4.8.0/camel-management-4.8.0.jar:/home/cjmamo/.m2/repository/org/apache/camel/camel-xml-io/4.8.0/camel-xml-io-4.8.0.jar:/home/cjmamo/.m2/repository/org/apache/camel/springboot/camel-yaml-dsl-starter/4.8.0/camel-yaml-dsl-starter-4.8.0.jar:/home/cjmamo/.m2/repository/org/apache/camel/camel-yaml-dsl/4.8.0/camel-yaml-dsl-4.8.0.jar:/home/cjmamo/.m2/repository/org/apache/camel/camel-yaml-dsl-common/4.8.0/camel-yaml-dsl-common-4.8.0.jar:/home/cjmamo/.m2/repository/org/snakeyaml/snakeyaml-engine/2.7/snakeyaml-engine-2.7.jar:/home/cjmamo/.m2/repository/org/apache/camel/camel-yaml-dsl-deserializers/4.8.0/camel-yaml-dsl-deserializers-4.8.0.jar:/home/cjmamo/.m2/repository/org/apache/camel/camel-dsl-support/4.8.0/camel-dsl-support-4.8.0.jar:/home/cjmamo/.m2/repository/org/apache/camel/springboot/camel-spring-boot-xml-starter/4.8.0/camel-spring-boot-xml-starter-4.8.0.jar:/home/cjmamo/.m2/repository/org/apache/camel/springboot/camel-spring-boot-xml/4.8.0/camel-spring-boot-xml-4.8.0.jar:/home/cjmamo/.m2/repository/org/apache/camel/camel-xml-jaxb-dsl/4.8.0/camel-xml-jaxb-dsl-4.8.0.jar:/home/cjmamo/.m2/repository/org/apache/camel/springboot/camel-jetty-starter/4.8.0/camel-jetty-starter-4.8.0.jar:/home/cjmamo/.m2/repository/org/apache/camel/camel-jetty/4.8.0/camel-jetty-4.8.0.jar:/home/cjmamo/.m2/repository/org/apache/camel/camel-jetty-common/4.8.0/camel-jetty-common-4.8.0.jar:/home/cjmamo/.m2/repository/org/eclipse/jetty/jetty-server/12.0.13/jetty-server-12.0.13.jar:/home/cjmamo/.m2/repository/org/eclipse/jetty/jetty-http/12.0.13/jetty-http-12.0.13.jar:/home/cjmamo/.m2/repository/org/eclipse/jetty/jetty-io/12.0.13/jetty-io-12.0.13.jar:/home/cjmamo/.m2/repository/org/eclipse/jetty/ee10/jetty-ee10-servlet/12.0.13/jetty-ee10-servlet-12.0.13.jar:/home/cjmamo/.m2/repository/org/eclipse/jetty/jetty-session/12.0.13/jetty-session-12.0.13.jar:/home/cjmamo/.m2/repository/org/eclipse/jetty/jetty-security/12.0.13/jetty-security-12.0.13.jar:/home/cjmamo/.m2/repository/org/eclipse/jetty/ee10/jetty-ee10-servlets/12.0.13/jetty-ee10-servlets-12.0.13.jar:/home/cjmamo/.m2/repository/org/eclipse/jetty/jetty-client/12.0.13/jetty-client-12.0.13.jar:/home/cjmamo/.m2/repository/org/eclipse/jetty/jetty-alpn-client/12.0.13/jetty-alpn-client-12.0.13.jar:/home/cjmamo/.m2/repository/org/eclipse/jetty/jetty-jmx/12.0.13/jetty-jmx-12.0.13.jar:/home/cjmamo/.m2/repository/org/eclipse/jetty/jetty-util/12.0.13/jetty-util-12.0.13.jar:/home/cjmamo/.m2/repository/io/hawt/hawtio-springboot/4.0.0/hawtio-springboot-4.0.0.jar:/home/cjmamo/.m2/repository/io/hawt/hawtio-system/4.0.0/hawtio-system-4.0.0.jar:/home/cjmamo/.m2/repository/org/jolokia/jolokia-server-core/2.0.2/jolokia-server-core-2.0.2.jar:/home/cjmamo/.m2/repository/com/googlecode/json-simple/json-simple/1.1.1/json-simple-1.1.1.jar:/home/cjmamo/.m2/repository/org/jolokia/jolokia-service-serializer/2.0.2/jolokia-service-serializer-2.0.2.jar:/home/cjmamo/.m2/repository/org/jolokia/jolokia-service-jmx/2.0.2/jolokia-service-jmx-2.0.2.jar:/home/cjmamo/.m2/repository/org/jolokia/jolokia-service-discovery/2.0.2/jolokia-service-discovery-2.0.2.jar:/home/cjmamo/.m2/repository/org/jolokia/jolokia-service-history/2.0.2/jolokia-service-history-2.0.2.jar:/home/cjmamo/.m2/repository/org/jolokia/jolokia-service-jsr160/2.0.2/jolokia-service-jsr160-2.0.2.jar:/home/cjmamo/.m2/repository/org/jolokia/jolokia-service-notif-pull/2.0.2/jolokia-service-notif-pull-2.0.2.jar:/home/cjmamo/.m2/repository/org/jolokia/jolokia-service-notif-sse/2.0.2/jolokia-service-notif-sse-2.0.2.jar:/home/cjmamo/.m2/repository/commons-codec/commons-codec/1.16.1/commons-codec-1.16.1.jar:/home/cjmamo/.m2/repository/com/nimbusds/nimbus-jose-jwt/9.37.3/nimbus-jose-jwt-9.37.3.jar:/home/cjmamo/.m2/repository/com/github/stephenc/jcip/jcip-annotations/1.0-1/jcip-annotations-1.0-1.jar:/home/cjmamo/.m2/repository/com/github/ben-manes/caffeine/caffeine/3.1.8/caffeine-3.1.8.jar:/home/cjmamo/.m2/repository/org/checkerframework/checker-qual/3.37.0/checker-qual-3.37.0.jar:/home/cjmamo/.m2/repository/com/google/errorprone/error_prone_annotations/2.21.1/error_prone_annotations-2.21.1.jar:/home/cjmamo/.m2/repository/org/json/json/20240303/json-20240303.jar:/home/cjmamo/.m2/repository/org/jolokia/jolokia-support-spring/2.0.2/jolokia-support-spring-2.0.2.jar:/home/cjmamo/.m2/repository/org/jolokia/jolokia-agent-jvm/2.0.2/jolokia-agent-jvm-2.0.2.jar:/home/cjmamo/.m2/repository/org/jolokia/jolokia-server-detector/2.0.2/jolokia-server-detector-2.0.2.jar:/home/cjmamo/.m2/repository/org/jolokia/jolokia-support-jmx/2.0.2/jolokia-support-jmx-2.0.2.jar:/home/cjmamo/.m2/repository/org/springframework/boot/spring-boot-actuator/3.3.4/spring-boot-actuator-3.3.4.jar:/home/cjmamo/.m2/repository/org/springframework/boot/spring-boot-actuator-autoconfigure/3.3.4/spring-boot-actuator-autoconfigure-3.3.4.jar:/home/cjmamo/.m2/repository/org/springframework/boot/spring-boot-starter-test/3.3.4/spring-boot-starter-test-3.3.4.jar:/home/cjmamo/.m2/repository/org/springframework/boot/spring-boot-test/3.3.4/spring-boot-test-3.3.4.jar:/home/cjmamo/.m2/repository/org/springframework/boot/spring-boot-test-autoconfigure/3.3.4/spring-boot-test-autoconfigure-3.3.4.jar:/home/cjmamo/.m2/repository/com/jayway/jsonpath/json-path/2.9.0/json-path-2.9.0.jar:/home/cjmamo/.m2/repository/jakarta/xml/bind/jakarta.xml.bind-api/4.0.2/jakarta.xml.bind-api-4.0.2.jar:/home/cjmamo/.m2/repository/jakarta/activation/jakarta.activation-api/2.1.3/jakarta.activation-api-2.1.3.jar:/home/cjmamo/.m2/repository/net/minidev/json-smart/2.5.1/json-smart-2.5.1.jar:/home/cjmamo/.m2/repository/net/minidev/accessors-smart/2.5.1/accessors-smart-2.5.1.jar:/home/cjmamo/.m2/repository/org/ow2/asm/asm/9.6/asm-9.6.jar:/home/cjmamo/.m2/repository/org/assertj/assertj-core/3.25.3/assertj-core-3.25.3.jar:/home/cjmamo/.m2/repository/net/bytebuddy/byte-buddy/1.14.19/byte-buddy-1.14.19.jar:/home/cjmamo/.m2/repository/org/awaitility/awaitility/4.2.2/awaitility-4.2.2.jar:/home/cjmamo/.m2/repository/org/hamcrest/hamcrest/2.2/hamcrest-2.2.jar:/home/cjmamo/.m2/repository/org/junit/jupiter/junit-jupiter/5.10.3/junit-jupiter-5.10.3.jar:/home/cjmamo/.m2/repository/org/junit/jupiter/junit-jupiter-api/5.10.3/junit-jupiter-api-5.10.3.jar:/home/cjmamo/.m2/repository/org/opentest4j/opentest4j/1.3.0/opentest4j-1.3.0.jar:/home/cjmamo/.m2/repository/org/junit/platform/junit-platform-commons/1.10.3/junit-platform-commons-1.10.3.jar:/home/cjmamo/.m2/repository/org/apiguardian/apiguardian-api/1.1.2/apiguardian-api-1.1.2.jar:/home/cjmamo/.m2/repository/org/junit/jupiter/junit-jupiter-params/5.10.3/junit-jupiter-params-5.10.3.jar:/home/cjmamo/.m2/repository/org/junit/jupiter/junit-jupiter-engine/5.10.3/junit-jupiter-engine-5.10.3.jar:/home/cjmamo/.m2/repository/org/junit/platform/junit-platform-engine/1.10.3/junit-platform-engine-1.10.3.jar:/home/cjmamo/.m2/repository/org/mockito/mockito-core/5.11.0/mockito-core-5.11.0.jar:/home/cjmamo/.m2/repository/net/bytebuddy/byte-buddy-agent/1.14.19/byte-buddy-agent-1.14.19.jar:/home/cjmamo/.m2/repository/org/objenesis/objenesis/3.3/objenesis-3.3.jar:/home/cjmamo/.m2/repository/org/mockito/mockito-junit-jupiter/5.11.0/mockito-junit-jupiter-5.11.0.jar:/home/cjmamo/.m2/repository/org/skyscreamer/jsonassert/1.5.3/jsonassert-1.5.3.jar:/home/cjmamo/.m2/repository/com/vaadin/external/google/android-json/0.0.20131108.vaadin1/android-json-0.0.20131108.vaadin1.jar:/home/cjmamo/.m2/repository/org/springframework/spring-core/6.1.13/spring-core-6.1.13.jar:/home/cjmamo/.m2/repository/org/springframework/spring-jcl/6.1.13/spring-jcl-6.1.13.jar:/home/cjmamo/.m2/repository/org/springframework/spring-test/6.1.13/spring-test-6.1.13.jar:/home/cjmamo/.m2/repository/org/xmlunit/xmlunit-core/2.9.1/xmlunit-core-2.9.1.jar:/home/cjmamo/.m2/repository/org/apache/camel/camel-test-spring-junit5/4.8.0/camel-test-spring-junit5-4.8.0.jar:/home/cjmamo/.m2/repository/org/apache/camel/camel-test-junit5/4.8.0/camel-test-junit5-4.8.0.jar:/home/cjmamo/.m2/repository/org/apache/camel/camel-core-languages/4.8.0/camel-core-languages-4.8.0.jar:/home/cjmamo/.m2/repository/org/apache/camel/camel-spring-xml/4.8.0/camel-spring-xml-4.8.0.jar:/home/cjmamo/.m2/repository/org/apache/camel/camel-xml-jaxb/4.8.0/camel-xml-jaxb-4.8.0.jar:/home/cjmamo/.m2/repository/org/glassfish/jaxb/jaxb-runtime/4.0.5/jaxb-runtime-4.0.5.jar:/home/cjmamo/.m2/repository/org/glassfish/jaxb/jaxb-core/4.0.5/jaxb-core-4.0.5.jar:/home/cjmamo/.m2/repository/org/eclipse/angus/angus-activation/2.0.2/angus-activation-2.0.2.jar:/home/cjmamo/.m2/repository/org/glassfish/jaxb/txw2/4.0.5/txw2-4.0.5.jar:/home/cjmamo/.m2/repository/com/sun/istack/istack-commons-runtime/4.1.2/istack-commons-runtime-4.1.2.jar:/home/cjmamo/.m2/repository/org/apache/camel/camel-core-xml/4.8.0/camel-core-xml-4.8.0.jar:/home/cjmamo/.m2/repository/org/testcontainers/postgresql/1.19.8/postgresql-1.19.8.jar:/home/cjmamo/.m2/repository/org/testcontainers/jdbc/1.19.8/jdbc-1.19.8.jar:/home/cjmamo/.m2/repository/org/testcontainers/database-commons/1.19.8/database-commons-1.19.8.jar:/home/cjmamo/.m2/repository/org/testcontainers/junit-jupiter/1.19.8/junit-jupiter-1.19.8.jar:/home/cjmamo/.m2/repository/org/testcontainers/testcontainers/1.19.8/testcontainers-1.19.8.jar:/home/cjmamo/.m2/repository/junit/junit/4.13.2/junit-4.13.2.jar:/home/cjmamo/.m2/repository/org/hamcrest/hamcrest-core/2.2/hamcrest-core-2.2.jar:/home/cjmamo/.m2/repository/org/apache/commons/commons-compress/1.24.0/commons-compress-1.24.0.jar:/home/cjmamo/.m2/repository/org/rnorth/duct-tape/duct-tape/1.0.8/duct-tape-1.0.8.jar:/home/cjmamo/.m2/repository/com/github/docker-java/docker-java-api/3.3.6/docker-java-api-3.3.6.jar:/home/cjmamo/.m2/repository/com/github/docker-java/docker-java-transport-zerodep/3.3.6/docker-java-transport-zerodep-3.3.6.jar:/home/cjmamo/.m2/repository/com/github/docker-java/docker-java-transport/3.3.6/docker-java-transport-3.3.6.jar:/home/cjmamo/.m2/repository/net/java/dev/jna/jna/5.13.0/jna-5.13.0.jar:/home/cjmamo/.m2/repository/io/rest-assured/rest-assured/5.4.0/rest-assured-5.4.0.jar:/home/cjmamo/.m2/repository/org/apache/groovy/groovy/4.0.23/groovy-4.0.23.jar:/home/cjmamo/.m2/repository/org/apache/groovy/groovy-xml/4.0.23/groovy-xml-4.0.23.jar:/home/cjmamo/.m2/repository/org/apache/httpcomponents/httpclient/4.5.13/httpclient-4.5.13.jar:/home/cjmamo/.m2/repository/org/apache/httpcomponents/httpcore/4.4.16/httpcore-4.4.16.jar:/home/cjmamo/.m2/repository/commons-logging/commons-logging/1.2/commons-logging-1.2.jar:/home/cjmamo/.m2/repository/org/apache/httpcomponents/httpmime/4.5.13/httpmime-4.5.13.jar:/home/cjmamo/.m2/repository/org/ccil/cowan/tagsoup/tagsoup/1.2.1/tagsoup-1.2.1.jar:/home/cjmamo/.m2/repository/io/rest-assured/json-path/5.4.0/json-path-5.4.0.jar:/home/cjmamo/.m2/repository/org/apache/groovy/groovy-json/4.0.23/groovy-json-4.0.23.jar:/home/cjmamo/.m2/repository/io/rest-assured/rest-assured-common/5.4.0/rest-assured-common-5.4.0.jar:/home/cjmamo/.m2/repository/io/rest-assured/xml-path/5.4.0/xml-path-5.4.0.jar:/home/cjmamo/.m2/repository/org/apache/commons/commons-lang3/3.14.0/commons-lang3-3.14.0.jar:"/>
    <property name="java.vm.vendor" value="Ubuntu"/>
    <property name="sun.arch.data.model" value="64"/>
    <property name="catalina.useNaming" value="false"/>
    <property name="java.vendor.url" value="https://ubuntu.com/"/>
    <property name="user.timezone" value="Europe/Malta"/>
    <property name="os.name" value="Linux"/>
    <property name="java.vm.specification.version" value="17"/>
    <property name="user.country" value="US"/>
    <property name="sun.java.launcher" value="SUN_STANDARD"/>
    <property name="sun.boot.library.path" value="/usr/lib/jvm/java-17-openjdk-amd64/lib"/>
    <property name="sun.java.command" value="/home/cjmamo/scm/dhis2/reference-fhir-civil-registry-lookup/oauth-route-middleware/target/surefire/surefirebooter-20240924143653090_3.jar /home/cjmamo/scm/dhis2/reference-fhir-civil-registry-lookup/oauth-route-middleware/target/surefire 2024-09-24T14-36-53_010-jvmRun1 surefire-20240924143653090_1tmp surefire_0-20240924143653090_2tmp"/>
    <property name="jdk.debug" value="release"/>
    <property name="surefire.test.class.path" value="/home/cjmamo/scm/dhis2/reference-fhir-civil-registry-lookup/oauth-route-middleware/target/test-classes:/home/cjmamo/scm/dhis2/reference-fhir-civil-registry-lookup/oauth-route-middleware/target/classes:/home/cjmamo/.m2/repository/org/springframework/boot/spring-boot-starter-web/3.3.4/spring-boot-starter-web-3.3.4.jar:/home/cjmamo/.m2/repository/org/springframework/boot/spring-boot-starter/3.3.4/spring-boot-starter-3.3.4.jar:/home/cjmamo/.m2/repository/org/springframework/boot/spring-boot/3.3.4/spring-boot-3.3.4.jar:/home/cjmamo/.m2/repository/org/springframework/boot/spring-boot-autoconfigure/3.3.4/spring-boot-autoconfigure-3.3.4.jar:/home/cjmamo/.m2/repository/org/springframework/boot/spring-boot-starter-logging/3.3.4/spring-boot-starter-logging-3.3.4.jar:/home/cjmamo/.m2/repository/ch/qos/logback/logback-classic/1.5.8/logback-classic-1.5.8.jar:/home/cjmamo/.m2/repository/ch/qos/logback/logback-core/1.5.8/logback-core-1.5.8.jar:/home/cjmamo/.m2/repository/org/apache/logging/log4j/log4j-to-slf4j/2.23.1/log4j-to-slf4j-2.23.1.jar:/home/cjmamo/.m2/repository/org/apache/logging/log4j/log4j-api/2.23.1/log4j-api-2.23.1.jar:/home/cjmamo/.m2/repository/org/slf4j/jul-to-slf4j/2.0.16/jul-to-slf4j-2.0.16.jar:/home/cjmamo/.m2/repository/jakarta/annotation/jakarta.annotation-api/2.1.1/jakarta.annotation-api-2.1.1.jar:/home/cjmamo/.m2/repository/org/yaml/snakeyaml/2.2/snakeyaml-2.2.jar:/home/cjmamo/.m2/repository/org/springframework/boot/spring-boot-starter-json/3.3.4/spring-boot-starter-json-3.3.4.jar:/home/cjmamo/.m2/repository/com/fasterxml/jackson/core/jackson-databind/2.17.2/jackson-databind-2.17.2.jar:/home/cjmamo/.m2/repository/com/fasterxml/jackson/core/jackson-annotations/2.17.2/jackson-annotations-2.17.2.jar:/home/cjmamo/.m2/repository/com/fasterxml/jackson/core/jackson-core/2.17.2/jackson-core-2.17.2.jar:/home/cjmamo/.m2/repository/com/fasterxml/jackson/datatype/jackson-datatype-jdk8/2.17.2/jackson-datatype-jdk8-2.17.2.jar:/home/cjmamo/.m2/repository/com/fasterxml/jackson/datatype/jackson-datatype-jsr310/2.17.2/jackson-datatype-jsr310-2.17.2.jar:/home/cjmamo/.m2/repository/com/fasterxml/jackson/module/jackson-module-parameter-names/2.17.2/jackson-module-parameter-names-2.17.2.jar:/home/cjmamo/.m2/repository/org/springframework/boot/spring-boot-starter-tomcat/3.3.4/spring-boot-starter-tomcat-3.3.4.jar:/home/cjmamo/.m2/repository/org/apache/tomcat/embed/tomcat-embed-core/10.1.30/tomcat-embed-core-10.1.30.jar:/home/cjmamo/.m2/repository/org/apache/tomcat/embed/tomcat-embed-el/10.1.30/tomcat-embed-el-10.1.30.jar:/home/cjmamo/.m2/repository/org/apache/tomcat/embed/tomcat-embed-websocket/10.1.30/tomcat-embed-websocket-10.1.30.jar:/home/cjmamo/.m2/repository/org/springframework/spring-web/6.1.13/spring-web-6.1.13.jar:/home/cjmamo/.m2/repository/org/springframework/spring-beans/6.1.13/spring-beans-6.1.13.jar:/home/cjmamo/.m2/repository/io/micrometer/micrometer-observation/1.13.4/micrometer-observation-1.13.4.jar:/home/cjmamo/.m2/repository/io/micrometer/micrometer-commons/1.13.4/micrometer-commons-1.13.4.jar:/home/cjmamo/.m2/repository/org/springframework/spring-webmvc/6.1.13/spring-webmvc-6.1.13.jar:/home/cjmamo/.m2/repository/org/springframework/spring-context/6.1.13/spring-context-6.1.13.jar:/home/cjmamo/.m2/repository/org/springframework/spring-expression/6.1.13/spring-expression-6.1.13.jar:/home/cjmamo/.m2/repository/org/springframework/boot/spring-boot-starter-security/3.3.4/spring-boot-starter-security-3.3.4.jar:/home/cjmamo/.m2/repository/org/springframework/spring-aop/6.1.13/spring-aop-6.1.13.jar:/home/cjmamo/.m2/repository/org/springframework/security/spring-security-config/6.3.3/spring-security-config-6.3.3.jar:/home/cjmamo/.m2/repository/org/springframework/security/spring-security-core/6.3.3/spring-security-core-6.3.3.jar:/home/cjmamo/.m2/repository/org/springframework/security/spring-security-crypto/6.3.3/spring-security-crypto-6.3.3.jar:/home/cjmamo/.m2/repository/org/springframework/security/spring-security-web/6.3.3/spring-security-web-6.3.3.jar:/home/cjmamo/.m2/repository/org/apache/camel/camel-dhis2/4.8.0/camel-dhis2-4.8.0.jar:/home/cjmamo/.m2/repository/org/apache/camel/camel-support/4.8.0/camel-support-4.8.0.jar:/home/cjmamo/.m2/repository/org/apache/camel/camel-api/4.8.0/camel-api-4.8.0.jar:/home/cjmamo/.m2/repository/org/apache/camel/camel-management-api/4.8.0/camel-management-api-4.8.0.jar:/home/cjmamo/.m2/repository/org/apache/camel/camel-util/4.8.0/camel-util-4.8.0.jar:/home/cjmamo/.m2/repository/org/apache/camel/camel-util-json/4.8.0/camel-util-json-4.8.0.jar:/home/cjmamo/.m2/repository/org/apache/camel/camel-xml-jaxp-util/4.8.0/camel-xml-jaxp-util-4.8.0.jar:/home/cjmamo/.m2/repository/org/slf4j/slf4j-api/2.0.16/slf4j-api-2.0.16.jar:/home/cjmamo/.m2/repository/org/apache/camel/camel-jackson/4.8.0/camel-jackson-4.8.0.jar:/home/cjmamo/.m2/repository/org/apache/camel/camel-core-engine/4.8.0/camel-core-engine-4.8.0.jar:/home/cjmamo/.m2/repository/org/apache/camel/camel-base-engine/4.8.0/camel-base-engine-4.8.0.jar:/home/cjmamo/.m2/repository/org/apache/camel/camel-base/4.8.0/camel-base-4.8.0.jar:/home/cjmamo/.m2/repository/org/apache/camel/camel-core-reifier/4.8.0/camel-core-reifier-4.8.0.jar:/home/cjmamo/.m2/repository/org/apache/camel/camel-core-processor/4.8.0/camel-core-processor-4.8.0.jar:/home/cjmamo/.m2/repository/org/apache/camel/camel-dhis2-api/4.8.0/camel-dhis2-api-4.8.0.jar:/home/cjmamo/.m2/repository/org/hisp/dhis/integration/sdk/dhis2-java-sdk/3.0.0/dhis2-java-sdk-3.0.0.jar:/home/cjmamo/.m2/repository/com/squareup/okhttp3/okhttp/4.12.0/okhttp-4.12.0.jar:/home/cjmamo/.m2/repository/com/squareup/okio/okio/3.6.0/okio-3.6.0.jar:/home/cjmamo/.m2/repository/com/squareup/okio/okio-jvm/3.6.0/okio-jvm-3.6.0.jar:/home/cjmamo/.m2/repository/org/jetbrains/kotlin/kotlin-stdlib-common/1.9.25/kotlin-stdlib-common-1.9.25.jar:/home/cjmamo/.m2/repository/org/jetbrains/kotlin/kotlin-stdlib-jdk8/1.9.25/kotlin-stdlib-jdk8-1.9.25.jar:/home/cjmamo/.m2/repository/org/jetbrains/kotlin/kotlin-stdlib/1.9.25/kotlin-stdlib-1.9.25.jar:/home/cjmamo/.m2/repository/org/jetbrains/kotlin/kotlin-stdlib-jdk7/1.9.25/kotlin-stdlib-jdk7-1.9.25.jar:/home/cjmamo/.m2/repository/org/hisp/dhis/integration/sdk/jackson-resource-model/3.0.0/jackson-resource-model-3.0.0-v40.2.2.jar:/home/cjmamo/.m2/repository/org/hisp/dhis/integration/sdk/jackson-resource-model/3.0.0/jackson-resource-model-3.0.0-v2.39.1.jar:/home/cjmamo/.m2/repository/org/apache/camel/springboot/camel-servlet-starter/4.8.0/camel-servlet-starter-4.8.0.jar:/home/cjmamo/.m2/repository/org/apache/camel/camel-servlet/4.8.0/camel-servlet-4.8.0.jar:/home/cjmamo/.m2/repository/org/apache/camel/camel-http-common/4.8.0/camel-http-common-4.8.0.jar:/home/cjmamo/.m2/repository/org/apache/camel/camel-http-base/4.8.0/camel-http-base-4.8.0.jar:/home/cjmamo/.m2/repository/org/apache/camel/camel-attachments/4.8.0/camel-attachments-4.8.0.jar:/home/cjmamo/.m2/repository/org/apache/camel/springboot/camel-core-starter/4.8.0/camel-core-starter-4.8.0.jar:/home/cjmamo/.m2/repository/org/apache/camel/springboot/camel-fhir-starter/4.8.0/camel-fhir-starter-4.8.0.jar:/home/cjmamo/.m2/repository/org/apache/camel/camel-fhir/4.8.0/camel-fhir-4.8.0.jar:/home/cjmamo/.m2/repository/org/apache/commons/commons-text/1.12.0/commons-text-1.12.0.jar:/home/cjmamo/.m2/repository/ca/uhn/hapi/fhir/hapi-fhir-base/7.4.0/hapi-fhir-base-7.4.0.jar:/home/cjmamo/.m2/repository/com/google/guava/guava/33.2.1-jre/guava-33.2.1-jre.jar:/home/cjmamo/.m2/repository/com/google/guava/failureaccess/1.0.2/failureaccess-1.0.2.jar:/home/cjmamo/.m2/repository/com/google/guava/listenablefuture/9999.0-empty-to-avoid-conflict-with-guava/listenablefuture-9999.0-empty-to-avoid-conflict-with-guava.jar:/home/cjmamo/.m2/repository/com/google/j2objc/j2objc-annotations/3.0.0/j2objc-annotations-3.0.0.jar:/home/cjmamo/.m2/repository/org/slf4j/jcl-over-slf4j/2.0.16/jcl-over-slf4j-2.0.16.jar:/home/cjmamo/.m2/repository/com/google/code/findbugs/jsr305/3.0.2/jsr305-3.0.2.jar:/home/cjmamo/.m2/repository/io/opentelemetry/opentelemetry-api/1.37.0/opentelemetry-api-1.37.0.jar:/home/cjmamo/.m2/repository/io/opentelemetry/opentelemetry-context/1.37.0/opentelemetry-context-1.37.0.jar:/home/cjmamo/.m2/repository/io/opentelemetry/instrumentation/opentelemetry-instrumentation-annotations/2.4.0/opentelemetry-instrumentation-annotations-2.4.0.jar:/home/cjmamo/.m2/repository/ca/uhn/hapi/fhir/hapi-fhir-client/7.4.0/hapi-fhir-client-7.4.0.jar:/home/cjmamo/.m2/repository/org/apache/camel/camel-fhir-api/4.8.0/camel-fhir-api-4.8.0.jar:/home/cjmamo/.m2/repository/ca/uhn/hapi/fhir/hapi-fhir-structures-r5/7.4.0/hapi-fhir-structures-r5-7.4.0.jar:/home/cjmamo/.m2/repository/ca/uhn/hapi/fhir/org.hl7.fhir.utilities/6.3.11/org.hl7.fhir.utilities-6.3.11.jar:/home/cjmamo/.m2/repository/com/ibm/icu/icu4j/72.1/icu4j-72.1.jar:/home/cjmamo/.m2/repository/ca/uhn/hapi/fhir/org.hl7.fhir.r5/6.3.11/org.hl7.fhir.r5-6.3.11.jar:/home/cjmamo/.m2/repository/net/sourceforge/plantuml/plantuml-mit/1.2023.9/plantuml-mit-1.2023.9.jar:/home/cjmamo/.m2/repository/ca/uhn/hapi/fhir/hapi-fhir-caching-api/7.4.0/hapi-fhir-caching-api-7.4.0.jar:/home/cjmamo/.m2/repository/ca/uhn/hapi/fhir/hapi-fhir-structures-r4/7.4.0/hapi-fhir-structures-r4-7.4.0.jar:/home/cjmamo/.m2/repository/ca/uhn/hapi/fhir/org.hl7.fhir.r4/6.3.11/org.hl7.fhir.r4-6.3.11.jar:/home/cjmamo/.m2/repository/ca/uhn/hapi/fhir/hapi-fhir-structures-dstu3/7.4.0/hapi-fhir-structures-dstu3-7.4.0.jar:/home/cjmamo/.m2/repository/ca/uhn/hapi/fhir/org.hl7.fhir.dstu3/6.3.11/org.hl7.fhir.dstu3-6.3.11.jar:/home/cjmamo/.m2/repository/ca/uhn/hapi/fhir/hapi-fhir-structures-dstu2/7.4.0/hapi-fhir-structures-dstu2-7.4.0.jar:/home/cjmamo/.m2/repository/ca/uhn/hapi/fhir/hapi-fhir-structures-dstu2.1/7.4.0/hapi-fhir-structures-dstu2.1-7.4.0.jar:/home/cjmamo/.m2/repository/ca/uhn/hapi/fhir/org.hl7.fhir.dstu2016may/6.3.11/org.hl7.fhir.dstu2016may-6.3.11.jar:/home/cjmamo/.m2/repository/org/ogce/xpp3/1.1.6/xpp3-1.1.6.jar:/home/cjmamo/.m2/repository/jakarta-regexp/jakarta-regexp/1.4/jakarta-regexp-1.4.jar:/home/cjmamo/.m2/repository/ca/uhn/hapi/fhir/hapi-fhir-structures-hl7org-dstu2/7.4.0/hapi-fhir-structures-hl7org-dstu2-7.4.0.jar:/home/cjmamo/.m2/repository/ca/uhn/hapi/fhir/org.hl7.fhir.dstu2/6.3.11/org.hl7.fhir.dstu2-6.3.11.jar:/home/cjmamo/.m2/repository/org/apache/camel/springboot/camel-spring-boot-starter/4.8.0/camel-spring-boot-starter-4.8.0.jar:/home/cjmamo/.m2/repository/org/apache/camel/springboot/camel-spring-boot/4.8.0/camel-spring-boot-4.8.0.jar:/home/cjmamo/.m2/repository/org/apache/camel/camel-spring/4.8.0/camel-spring-4.8.0.jar:/home/cjmamo/.m2/repository/org/springframework/spring-tx/6.1.13/spring-tx-6.1.13.jar:/home/cjmamo/.m2/repository/org/apache/camel/camel-spring-main/4.8.0/camel-spring-main-4.8.0.jar:/home/cjmamo/.m2/repository/org/apache/camel/camel-main/4.8.0/camel-main-4.8.0.jar:/home/cjmamo/.m2/repository/org/apache/camel/camel-cloud/4.8.0/camel-cloud-4.8.0.jar:/home/cjmamo/.m2/repository/org/apache/camel/camel-core-model/4.8.0/camel-core-model-4.8.0.jar:/home/cjmamo/.m2/repository/org/apache/camel/camel-cluster/4.8.0/camel-cluster-4.8.0.jar:/home/cjmamo/.m2/repository/org/apache/camel/camel-health/4.8.0/camel-health-4.8.0.jar:/home/cjmamo/.m2/repository/org/apache/camel/springboot/camel-bean-starter/4.8.0/camel-bean-starter-4.8.0.jar:/home/cjmamo/.m2/repository/org/apache/camel/camel-bean/4.8.0/camel-bean-4.8.0.jar:/home/cjmamo/.m2/repository/org/apache/camel/springboot/camel-browse-starter/4.8.0/camel-browse-starter-4.8.0.jar:/home/cjmamo/.m2/repository/org/apache/camel/camel-browse/4.8.0/camel-browse-4.8.0.jar:/home/cjmamo/.m2/repository/org/apache/camel/springboot/camel-controlbus-starter/4.8.0/camel-controlbus-starter-4.8.0.jar:/home/cjmamo/.m2/repository/org/apache/camel/camel-controlbus/4.8.0/camel-controlbus-4.8.0.jar:/home/cjmamo/.m2/repository/org/apache/camel/springboot/camel-dataformat-starter/4.8.0/camel-dataformat-starter-4.8.0.jar:/home/cjmamo/.m2/repository/org/apache/camel/camel-dataformat/4.8.0/camel-dataformat-4.8.0.jar:/home/cjmamo/.m2/repository/org/apache/camel/springboot/camel-dataset-starter/4.8.0/camel-dataset-starter-4.8.0.jar:/home/cjmamo/.m2/repository/org/apache/camel/camel-dataset/4.8.0/camel-dataset-4.8.0.jar:/home/cjmamo/.m2/repository/org/apache/camel/springboot/camel-direct-starter/4.8.0/camel-direct-starter-4.8.0.jar:/home/cjmamo/.m2/repository/org/apache/camel/camel-direct/4.8.0/camel-direct-4.8.0.jar:/home/cjmamo/.m2/repository/org/apache/camel/springboot/camel-file-starter/4.8.0/camel-file-starter-4.8.0.jar:/home/cjmamo/.m2/repository/org/apache/camel/camel-file/4.8.0/camel-file-4.8.0.jar:/home/cjmamo/.m2/repository/org/apache/camel/springboot/camel-language-starter/4.8.0/camel-language-starter-4.8.0.jar:/home/cjmamo/.m2/repository/org/apache/camel/camel-language/4.8.0/camel-language-4.8.0.jar:/home/cjmamo/.m2/repository/org/apache/camel/springboot/camel-log-starter/4.8.0/camel-log-starter-4.8.0.jar:/home/cjmamo/.m2/repository/org/apache/camel/camel-log/4.8.0/camel-log-4.8.0.jar:/home/cjmamo/.m2/repository/org/apache/camel/springboot/camel-mock-starter/4.8.0/camel-mock-starter-4.8.0.jar:/home/cjmamo/.m2/repository/org/apache/camel/camel-mock/4.8.0/camel-mock-4.8.0.jar:/home/cjmamo/.m2/repository/org/apache/camel/springboot/camel-ref-starter/4.8.0/camel-ref-starter-4.8.0.jar:/home/cjmamo/.m2/repository/org/apache/camel/camel-ref/4.8.0/camel-ref-4.8.0.jar:/home/cjmamo/.m2/repository/org/apache/camel/springboot/camel-rest-starter/4.8.0/camel-rest-starter-4.8.0.jar:/home/cjmamo/.m2/repository/org/apache/camel/camel-rest/4.8.0/camel-rest-4.8.0.jar:/home/cjmamo/.m2/repository/org/apache/camel/camel-tooling-model/4.8.0/camel-tooling-model-4.8.0.jar:/home/cjmamo/.m2/repository/org/apache/camel/springboot/camel-saga-starter/4.8.0/camel-saga-starter-4.8.0.jar:/home/cjmamo/.m2/repository/org/apache/camel/camel-saga/4.8.0/camel-saga-4.8.0.jar:/home/cjmamo/.m2/repository/org/apache/camel/springboot/camel-scheduler-starter/4.8.0/camel-scheduler-starter-4.8.0.jar:/home/cjmamo/.m2/repository/org/apache/camel/camel-scheduler/4.8.0/camel-scheduler-4.8.0.jar:/home/cjmamo/.m2/repository/org/apache/camel/springboot/camel-seda-starter/4.8.0/camel-seda-starter-4.8.0.jar:/home/cjmamo/.m2/repository/org/apache/camel/camel-seda/4.8.0/camel-seda-4.8.0.jar:/home/cjmamo/.m2/repository/org/apache/camel/springboot/camel-stub-starter/4.8.0/camel-stub-starter-4.8.0.jar:/home/cjmamo/.m2/repository/org/apache/camel/camel-stub/4.8.0/camel-stub-4.8.0.jar:/home/cjmamo/.m2/repository/org/apache/camel/springboot/camel-timer-starter/4.8.0/camel-timer-starter-4.8.0.jar:/home/cjmamo/.m2/repository/org/apache/camel/camel-timer/4.8.0/camel-timer-4.8.0.jar:/home/cjmamo/.m2/repository/org/apache/camel/springboot/camel-validator-starter/4.8.0/camel-validator-starter-4.8.0.jar:/home/cjmamo/.m2/repository/org/apache/camel/camel-validator/4.8.0/camel-validator-4.8.0.jar:/home/cjmamo/.m2/repository/org/apache/camel/springboot/camel-xpath-starter/4.8.0/camel-xpath-starter-4.8.0.jar:/home/cjmamo/.m2/repository/org/apache/camel/camel-xpath/4.8.0/camel-xpath-4.8.0.jar:/home/cjmamo/.m2/repository/org/apache/camel/springboot/camel-xslt-starter/4.8.0/camel-xslt-starter-4.8.0.jar:/home/cjmamo/.m2/repository/org/apache/camel/camel-xslt/4.8.0/camel-xslt-4.8.0.jar:/home/cjmamo/.m2/repository/org/apache/camel/springboot/camel-xml-jaxp-starter/4.8.0/camel-xml-jaxp-starter-4.8.0.jar:/home/cjmamo/.m2/repository/org/apache/camel/camel-xml-jaxp/4.8.0/camel-xml-jaxp-4.8.0.jar:/home/cjmamo/.m2/repository/org/apache/camel/camel-xml-io-util/4.8.0/camel-xml-io-util-4.8.0.jar:/home/cjmamo/.m2/repository/org/apache/camel/springboot/camel-http-starter/4.8.0/camel-http-starter-4.8.0.jar:/home/cjmamo/.m2/repository/org/apache/camel/camel-http/4.8.0/camel-http-4.8.0.jar:/home/cjmamo/.m2/repository/jakarta/servlet/jakarta.servlet-api/6.0.0/jakarta.servlet-api-6.0.0.jar:/home/cjmamo/.m2/repository/org/apache/httpcomponents/client5/httpclient5/5.3.1/httpclient5-5.3.1.jar:/home/cjmamo/.m2/repository/org/apache/httpcomponents/core5/httpcore5/5.2.5/httpcore5-5.2.5.jar:/home/cjmamo/.m2/repository/org/apache/httpcomponents/core5/httpcore5-h2/5.2.5/httpcore5-h2-5.2.5.jar:/home/cjmamo/.m2/repository/org/apache/camel/springboot/camel-datasonnet-starter/4.8.0/camel-datasonnet-starter-4.8.0.jar:/home/cjmamo/.m2/repository/org/apache/camel/camel-datasonnet/4.8.0/camel-datasonnet-4.8.0.jar:/home/cjmamo/.m2/repository/org/scala-lang/scala-library/2.13.14/scala-library-2.13.14.jar:/home/cjmamo/.m2/repository/com/datasonnet/datasonnet-mapper/2.5.2-jakarta4/datasonnet-mapper-2.5.2-jakarta4.jar:/home/cjmamo/.m2/repository/com/lihaoyi/ujson_2.13/1.2.0/ujson_2.13-1.2.0.jar:/home/cjmamo/.m2/repository/com/lihaoyi/upickle-core_2.13/1.2.0/upickle-core_2.13-1.2.0.jar:/home/cjmamo/.m2/repository/org/scala-lang/modules/scala-collection-compat_2.13/2.1.4/scala-collection-compat_2.13-2.1.4.jar:/home/cjmamo/.m2/repository/com/lihaoyi/fastparse_2.13/2.3.0/fastparse_2.13-2.3.0.jar:/home/cjmamo/.m2/repository/com/lihaoyi/sourcecode_2.13/0.2.1/sourcecode_2.13-0.2.1.jar:/home/cjmamo/.m2/repository/com/lihaoyi/geny_2.13/0.6.0/geny_2.13-0.6.0.jar:/home/cjmamo/.m2/repository/com/lihaoyi/pprint_2.13/0.5.9/pprint_2.13-0.5.9.jar:/home/cjmamo/.m2/repository/com/lihaoyi/fansi_2.13/0.2.9/fansi_2.13-0.2.9.jar:/home/cjmamo/.m2/repository/com/lihaoyi/scalatags_2.13/0.9.1/scalatags_2.13-0.9.1.jar:/home/cjmamo/.m2/repository/org/jetbrains/annotations/13.0/annotations-13.0.jar:/home/cjmamo/.m2/repository/com/fasterxml/jackson/dataformat/jackson-dataformat-csv/2.17.2/jackson-dataformat-csv-2.17.2.jar:/home/cjmamo/.m2/repository/com/fasterxml/jackson/dataformat/jackson-dataformat-yaml/2.17.2/jackson-dataformat-yaml-2.17.2.jar:/home/cjmamo/.m2/repository/com/fasterxml/jackson/dataformat/jackson-dataformat-properties/2.17.2/jackson-dataformat-properties-2.17.2.jar:/home/cjmamo/.m2/repository/commons-fileupload/commons-fileupload/1.5/commons-fileupload-1.5.jar:/home/cjmamo/.m2/repository/javax/servlet/javax.servlet-api/4.0.1/javax.servlet-api-4.0.1.jar:/home/cjmamo/.m2/repository/org/bouncycastle/bcpg-jdk15on/1.69/bcpg-jdk15on-1.69.jar:/home/cjmamo/.m2/repository/org/bouncycastle/bcprov-ext-jdk15on/1.69/bcprov-ext-jdk15on-1.69.jar:/home/cjmamo/.m2/repository/org/bouncycastle/bcprov-jdk15on/1.69/bcprov-jdk15on-1.69.jar:/home/cjmamo/.m2/repository/org/bouncycastle/bcpkix-jdk15on/1.69/bcpkix-jdk15on-1.69.jar:/home/cjmamo/.m2/repository/org/bouncycastle/bcutil-jdk15on/1.69/bcutil-jdk15on-1.69.jar:/home/cjmamo/.m2/repository/com/google/re2j/re2j/1.4/re2j-1.4.jar:/home/cjmamo/.m2/repository/info/picocli/picocli/4.5.1/picocli-4.5.1.jar:/home/cjmamo/.m2/repository/commons-io/commons-io/2.16.1/commons-io-2.16.1.jar:/home/cjmamo/.m2/repository/io/github/classgraph/classgraph/4.8.175/classgraph-4.8.175.jar:/home/cjmamo/.m2/repository/org/apache/camel/springboot/camel-jackson-starter/4.8.0/camel-jackson-starter-4.8.0.jar:/home/cjmamo/.m2/repository/org/apache/camel/springboot/camel-management-starter/4.8.0/camel-management-starter-4.8.0.jar:/home/cjmamo/.m2/repository/org/apache/camel/camel-management/4.8.0/camel-management-4.8.0.jar:/home/cjmamo/.m2/repository/org/apache/camel/camel-xml-io/4.8.0/camel-xml-io-4.8.0.jar:/home/cjmamo/.m2/repository/org/apache/camel/springboot/camel-yaml-dsl-starter/4.8.0/camel-yaml-dsl-starter-4.8.0.jar:/home/cjmamo/.m2/repository/org/apache/camel/camel-yaml-dsl/4.8.0/camel-yaml-dsl-4.8.0.jar:/home/cjmamo/.m2/repository/org/apache/camel/camel-yaml-dsl-common/4.8.0/camel-yaml-dsl-common-4.8.0.jar:/home/cjmamo/.m2/repository/org/snakeyaml/snakeyaml-engine/2.7/snakeyaml-engine-2.7.jar:/home/cjmamo/.m2/repository/org/apache/camel/camel-yaml-dsl-deserializers/4.8.0/camel-yaml-dsl-deserializers-4.8.0.jar:/home/cjmamo/.m2/repository/org/apache/camel/camel-dsl-support/4.8.0/camel-dsl-support-4.8.0.jar:/home/cjmamo/.m2/repository/org/apache/camel/springboot/camel-spring-boot-xml-starter/4.8.0/camel-spring-boot-xml-starter-4.8.0.jar:/home/cjmamo/.m2/repository/org/apache/camel/springboot/camel-spring-boot-xml/4.8.0/camel-spring-boot-xml-4.8.0.jar:/home/cjmamo/.m2/repository/org/apache/camel/camel-xml-jaxb-dsl/4.8.0/camel-xml-jaxb-dsl-4.8.0.jar:/home/cjmamo/.m2/repository/org/apache/camel/springboot/camel-jetty-starter/4.8.0/camel-jetty-starter-4.8.0.jar:/home/cjmamo/.m2/repository/org/apache/camel/camel-jetty/4.8.0/camel-jetty-4.8.0.jar:/home/cjmamo/.m2/repository/org/apache/camel/camel-jetty-common/4.8.0/camel-jetty-common-4.8.0.jar:/home/cjmamo/.m2/repository/org/eclipse/jetty/jetty-server/12.0.13/jetty-server-12.0.13.jar:/home/cjmamo/.m2/repository/org/eclipse/jetty/jetty-http/12.0.13/jetty-http-12.0.13.jar:/home/cjmamo/.m2/repository/org/eclipse/jetty/jetty-io/12.0.13/jetty-io-12.0.13.jar:/home/cjmamo/.m2/repository/org/eclipse/jetty/ee10/jetty-ee10-servlet/12.0.13/jetty-ee10-servlet-12.0.13.jar:/home/cjmamo/.m2/repository/org/eclipse/jetty/jetty-session/12.0.13/jetty-session-12.0.13.jar:/home/cjmamo/.m2/repository/org/eclipse/jetty/jetty-security/12.0.13/jetty-security-12.0.13.jar:/home/cjmamo/.m2/repository/org/eclipse/jetty/ee10/jetty-ee10-servlets/12.0.13/jetty-ee10-servlets-12.0.13.jar:/home/cjmamo/.m2/repository/org/eclipse/jetty/jetty-client/12.0.13/jetty-client-12.0.13.jar:/home/cjmamo/.m2/repository/org/eclipse/jetty/jetty-alpn-client/12.0.13/jetty-alpn-client-12.0.13.jar:/home/cjmamo/.m2/repository/org/eclipse/jetty/jetty-jmx/12.0.13/jetty-jmx-12.0.13.jar:/home/cjmamo/.m2/repository/org/eclipse/jetty/jetty-util/12.0.13/jetty-util-12.0.13.jar:/home/cjmamo/.m2/repository/io/hawt/hawtio-springboot/4.0.0/hawtio-springboot-4.0.0.jar:/home/cjmamo/.m2/repository/io/hawt/hawtio-system/4.0.0/hawtio-system-4.0.0.jar:/home/cjmamo/.m2/repository/org/jolokia/jolokia-server-core/2.0.2/jolokia-server-core-2.0.2.jar:/home/cjmamo/.m2/repository/com/googlecode/json-simple/json-simple/1.1.1/json-simple-1.1.1.jar:/home/cjmamo/.m2/repository/org/jolokia/jolokia-service-serializer/2.0.2/jolokia-service-serializer-2.0.2.jar:/home/cjmamo/.m2/repository/org/jolokia/jolokia-service-jmx/2.0.2/jolokia-service-jmx-2.0.2.jar:/home/cjmamo/.m2/repository/org/jolokia/jolokia-service-discovery/2.0.2/jolokia-service-discovery-2.0.2.jar:/home/cjmamo/.m2/repository/org/jolokia/jolokia-service-history/2.0.2/jolokia-service-history-2.0.2.jar:/home/cjmamo/.m2/repository/org/jolokia/jolokia-service-jsr160/2.0.2/jolokia-service-jsr160-2.0.2.jar:/home/cjmamo/.m2/repository/org/jolokia/jolokia-service-notif-pull/2.0.2/jolokia-service-notif-pull-2.0.2.jar:/home/cjmamo/.m2/repository/org/jolokia/jolokia-service-notif-sse/2.0.2/jolokia-service-notif-sse-2.0.2.jar:/home/cjmamo/.m2/repository/commons-codec/commons-codec/1.16.1/commons-codec-1.16.1.jar:/home/cjmamo/.m2/repository/com/nimbusds/nimbus-jose-jwt/9.37.3/nimbus-jose-jwt-9.37.3.jar:/home/cjmamo/.m2/repository/com/github/stephenc/jcip/jcip-annotations/1.0-1/jcip-annotations-1.0-1.jar:/home/cjmamo/.m2/repository/com/github/ben-manes/caffeine/caffeine/3.1.8/caffeine-3.1.8.jar:/home/cjmamo/.m2/repository/org/checkerframework/checker-qual/3.37.0/checker-qual-3.37.0.jar:/home/cjmamo/.m2/repository/com/google/errorprone/error_prone_annotations/2.21.1/error_prone_annotations-2.21.1.jar:/home/cjmamo/.m2/repository/org/json/json/20240303/json-20240303.jar:/home/cjmamo/.m2/repository/org/jolokia/jolokia-support-spring/2.0.2/jolokia-support-spring-2.0.2.jar:/home/cjmamo/.m2/repository/org/jolokia/jolokia-agent-jvm/2.0.2/jolokia-agent-jvm-2.0.2.jar:/home/cjmamo/.m2/repository/org/jolokia/jolokia-server-detector/2.0.2/jolokia-server-detector-2.0.2.jar:/home/cjmamo/.m2/repository/org/jolokia/jolokia-support-jmx/2.0.2/jolokia-support-jmx-2.0.2.jar:/home/cjmamo/.m2/repository/org/springframework/boot/spring-boot-actuator/3.3.4/spring-boot-actuator-3.3.4.jar:/home/cjmamo/.m2/repository/org/springframework/boot/spring-boot-actuator-autoconfigure/3.3.4/spring-boot-actuator-autoconfigure-3.3.4.jar:/home/cjmamo/.m2/repository/org/springframework/boot/spring-boot-starter-test/3.3.4/spring-boot-starter-test-3.3.4.jar:/home/cjmamo/.m2/repository/org/springframework/boot/spring-boot-test/3.3.4/spring-boot-test-3.3.4.jar:/home/cjmamo/.m2/repository/org/springframework/boot/spring-boot-test-autoconfigure/3.3.4/spring-boot-test-autoconfigure-3.3.4.jar:/home/cjmamo/.m2/repository/com/jayway/jsonpath/json-path/2.9.0/json-path-2.9.0.jar:/home/cjmamo/.m2/repository/jakarta/xml/bind/jakarta.xml.bind-api/4.0.2/jakarta.xml.bind-api-4.0.2.jar:/home/cjmamo/.m2/repository/jakarta/activation/jakarta.activation-api/2.1.3/jakarta.activation-api-2.1.3.jar:/home/cjmamo/.m2/repository/net/minidev/json-smart/2.5.1/json-smart-2.5.1.jar:/home/cjmamo/.m2/repository/net/minidev/accessors-smart/2.5.1/accessors-smart-2.5.1.jar:/home/cjmamo/.m2/repository/org/ow2/asm/asm/9.6/asm-9.6.jar:/home/cjmamo/.m2/repository/org/assertj/assertj-core/3.25.3/assertj-core-3.25.3.jar:/home/cjmamo/.m2/repository/net/bytebuddy/byte-buddy/1.14.19/byte-buddy-1.14.19.jar:/home/cjmamo/.m2/repository/org/awaitility/awaitility/4.2.2/awaitility-4.2.2.jar:/home/cjmamo/.m2/repository/org/hamcrest/hamcrest/2.2/hamcrest-2.2.jar:/home/cjmamo/.m2/repository/org/junit/jupiter/junit-jupiter/5.10.3/junit-jupiter-5.10.3.jar:/home/cjmamo/.m2/repository/org/junit/jupiter/junit-jupiter-api/5.10.3/junit-jupiter-api-5.10.3.jar:/home/cjmamo/.m2/repository/org/opentest4j/opentest4j/1.3.0/opentest4j-1.3.0.jar:/home/cjmamo/.m2/repository/org/junit/platform/junit-platform-commons/1.10.3/junit-platform-commons-1.10.3.jar:/home/cjmamo/.m2/repository/org/apiguardian/apiguardian-api/1.1.2/apiguardian-api-1.1.2.jar:/home/cjmamo/.m2/repository/org/junit/jupiter/junit-jupiter-params/5.10.3/junit-jupiter-params-5.10.3.jar:/home/cjmamo/.m2/repository/org/junit/jupiter/junit-jupiter-engine/5.10.3/junit-jupiter-engine-5.10.3.jar:/home/cjmamo/.m2/repository/org/junit/platform/junit-platform-engine/1.10.3/junit-platform-engine-1.10.3.jar:/home/cjmamo/.m2/repository/org/mockito/mockito-core/5.11.0/mockito-core-5.11.0.jar:/home/cjmamo/.m2/repository/net/bytebuddy/byte-buddy-agent/1.14.19/byte-buddy-agent-1.14.19.jar:/home/cjmamo/.m2/repository/org/objenesis/objenesis/3.3/objenesis-3.3.jar:/home/cjmamo/.m2/repository/org/mockito/mockito-junit-jupiter/5.11.0/mockito-junit-jupiter-5.11.0.jar:/home/cjmamo/.m2/repository/org/skyscreamer/jsonassert/1.5.3/jsonassert-1.5.3.jar:/home/cjmamo/.m2/repository/com/vaadin/external/google/android-json/0.0.20131108.vaadin1/android-json-0.0.20131108.vaadin1.jar:/home/cjmamo/.m2/repository/org/springframework/spring-core/6.1.13/spring-core-6.1.13.jar:/home/cjmamo/.m2/repository/org/springframework/spring-jcl/6.1.13/spring-jcl-6.1.13.jar:/home/cjmamo/.m2/repository/org/springframework/spring-test/6.1.13/spring-test-6.1.13.jar:/home/cjmamo/.m2/repository/org/xmlunit/xmlunit-core/2.9.1/xmlunit-core-2.9.1.jar:/home/cjmamo/.m2/repository/org/apache/camel/camel-test-spring-junit5/4.8.0/camel-test-spring-junit5-4.8.0.jar:/home/cjmamo/.m2/repository/org/apache/camel/camel-test-junit5/4.8.0/camel-test-junit5-4.8.0.jar:/home/cjmamo/.m2/repository/org/apache/camel/camel-core-languages/4.8.0/camel-core-languages-4.8.0.jar:/home/cjmamo/.m2/repository/org/apache/camel/camel-spring-xml/4.8.0/camel-spring-xml-4.8.0.jar:/home/cjmamo/.m2/repository/org/apache/camel/camel-xml-jaxb/4.8.0/camel-xml-jaxb-4.8.0.jar:/home/cjmamo/.m2/repository/org/glassfish/jaxb/jaxb-runtime/4.0.5/jaxb-runtime-4.0.5.jar:/home/cjmamo/.m2/repository/org/glassfish/jaxb/jaxb-core/4.0.5/jaxb-core-4.0.5.jar:/home/cjmamo/.m2/repository/org/eclipse/angus/angus-activation/2.0.2/angus-activation-2.0.2.jar:/home/cjmamo/.m2/repository/org/glassfish/jaxb/txw2/4.0.5/txw2-4.0.5.jar:/home/cjmamo/.m2/repository/com/sun/istack/istack-commons-runtime/4.1.2/istack-commons-runtime-4.1.2.jar:/home/cjmamo/.m2/repository/org/apache/camel/camel-core-xml/4.8.0/camel-core-xml-4.8.0.jar:/home/cjmamo/.m2/repository/org/testcontainers/postgresql/1.19.8/postgresql-1.19.8.jar:/home/cjmamo/.m2/repository/org/testcontainers/jdbc/1.19.8/jdbc-1.19.8.jar:/home/cjmamo/.m2/repository/org/testcontainers/database-commons/1.19.8/database-commons-1.19.8.jar:/home/cjmamo/.m2/repository/org/testcontainers/junit-jupiter/1.19.8/junit-jupiter-1.19.8.jar:/home/cjmamo/.m2/repository/org/testcontainers/testcontainers/1.19.8/testcontainers-1.19.8.jar:/home/cjmamo/.m2/repository/junit/junit/4.13.2/junit-4.13.2.jar:/home/cjmamo/.m2/repository/org/hamcrest/hamcrest-core/2.2/hamcrest-core-2.2.jar:/home/cjmamo/.m2/repository/org/apache/commons/commons-compress/1.24.0/commons-compress-1.24.0.jar:/home/cjmamo/.m2/repository/org/rnorth/duct-tape/duct-tape/1.0.8/duct-tape-1.0.8.jar:/home/cjmamo/.m2/repository/com/github/docker-java/docker-java-api/3.3.6/docker-java-api-3.3.6.jar:/home/cjmamo/.m2/repository/com/github/docker-java/docker-java-transport-zerodep/3.3.6/docker-java-transport-zerodep-3.3.6.jar:/home/cjmamo/.m2/repository/com/github/docker-java/docker-java-transport/3.3.6/docker-java-transport-3.3.6.jar:/home/cjmamo/.m2/repository/net/java/dev/jna/jna/5.13.0/jna-5.13.0.jar:/home/cjmamo/.m2/repository/io/rest-assured/rest-assured/5.4.0/rest-assured-5.4.0.jar:/home/cjmamo/.m2/repository/org/apache/groovy/groovy/4.0.23/groovy-4.0.23.jar:/home/cjmamo/.m2/repository/org/apache/groovy/groovy-xml/4.0.23/groovy-xml-4.0.23.jar:/home/cjmamo/.m2/repository/org/apache/httpcomponents/httpclient/4.5.13/httpclient-4.5.13.jar:/home/cjmamo/.m2/repository/org/apache/httpcomponents/httpcore/4.4.16/httpcore-4.4.16.jar:/home/cjmamo/.m2/repository/commons-logging/commons-logging/1.2/commons-logging-1.2.jar:/home/cjmamo/.m2/repository/org/apache/httpcomponents/httpmime/4.5.13/httpmime-4.5.13.jar:/home/cjmamo/.m2/repository/org/ccil/cowan/tagsoup/tagsoup/1.2.1/tagsoup-1.2.1.jar:/home/cjmamo/.m2/repository/io/rest-assured/json-path/5.4.0/json-path-5.4.0.jar:/home/cjmamo/.m2/repository/org/apache/groovy/groovy-json/4.0.23/groovy-json-4.0.23.jar:/home/cjmamo/.m2/repository/io/rest-assured/rest-assured-common/5.4.0/rest-assured-common-5.4.0.jar:/home/cjmamo/.m2/repository/io/rest-assured/xml-path/5.4.0/xml-path-5.4.0.jar:/home/cjmamo/.m2/repository/org/apache/commons/commons-lang3/3.14.0/commons-lang3-3.14.0.jar:"/>
    <property name="test" value="HelloWorldRouteBuilderFunctionalTestCase"/>
    <property name="sun.cpu.endian" value="little"/>
    <property name="user.home" value="/home/cjmamo"/>
    <property name="user.language" value="en"/>
    <property name="java.specification.vendor" value="Oracle Corporation"/>
    <property name="java.version.date" value="2024-07-16"/>
    <property name="java.home" value="/usr/lib/jvm/java-17-openjdk-amd64"/>
    <property name="file.separator" value="/"/>
    <property name="basedir" value="/home/cjmamo/scm/dhis2/reference-fhir-civil-registry-lookup/oauth-route-middleware"/>
    <property name="java.vm.compressedOopsMode" value="Zero based"/>
    <property name="line.separator" value="&#10;"/>
    <property name="java.specification.name" value="Java Platform API Specification"/>
    <property name="java.vm.specification.vendor" value="Oracle Corporation"/>
    <property name="FILE_LOG_CHARSET" value="UTF-8"/>
    <property name="java.awt.headless" value="true"/>
    <property name="surefire.real.class.path" value="/home/cjmamo/scm/dhis2/reference-fhir-civil-registry-lookup/oauth-route-middleware/target/surefire/surefirebooter-20240924143653090_3.jar"/>
    <property name="sun.management.compiler" value="HotSpot 64-Bit Tiered Compilers"/>
    <property name="java.runtime.version" value="17.0.12+7-Ubuntu-1ubuntu222.04"/>
    <property name="user.name" value="cjmamo"/>
    <property name="path.separator" value=":"/>
    <property name="os.version" value="6.5.0-1027-oem"/>
    <property name="java.runtime.name" value="OpenJDK Runtime Environment"/>
    <property name="file.encoding" value="UTF-8"/>
    <property name="fhir.server-url" value="http://localhost:32971/fhir"/>
    <property name="java.vm.name" value="OpenJDK 64-Bit Server VM"/>
    <property name="LOG_FILE" value="oauth-route-middleware.log"/>
    <property name="localRepository" value="/home/cjmamo/.m2/repository"/>
    <property name="java.vendor.url.bug" value="https://bugs.launchpad.net/ubuntu/+source/openjdk-17"/>
    <property name="java.io.tmpdir" value="/tmp"/>
    <property name="catalina.home" value="/tmp/tomcat.0.4538748258670020303"/>
    <property name="java.version" value="17.0.12"/>
    <property name="user.dir" value="/home/cjmamo/scm/dhis2/reference-fhir-civil-registry-lookup/oauth-route-middleware"/>
    <property name="os.arch" value="amd64"/>
    <property name="java.vm.specification.name" value="Java Virtual Machine Specification"/>
    <property name="PID" value="614579"/>
    <property name="CONSOLE_LOG_CHARSET" value="UTF-8"/>
    <property name="catalina.base" value="/tmp/tomcat.0.4538748258670020303"/>
    <property name="native.encoding" value="UTF-8"/>
    <property name="java.library.path" value="/usr/java/packages/lib:/usr/lib/x86_64-linux-gnu/jni:/lib/x86_64-linux-gnu:/usr/lib/x86_64-linux-gnu:/usr/lib/jni:/lib:/usr/lib"/>
    <property name="java.vm.info" value="mixed mode, sharing"/>
    <property name="java.vendor" value="Ubuntu"/>
    <property name="java.vm.version" value="17.0.12+7-Ubuntu-1ubuntu222.04"/>
    <property name="sun.io.unicode.encoding" value="UnicodeLittle"/>
    <property name="java.class.version" value="61.0"/>
  </properties>
  <testcase name="testConfigure" classname="org.hisp.dhis.integration.camel.route.HelloWorldRouteBuilderFunctionalTestCase" time="2.454">
    <failure message="expected: &lt;200&gt; but was: &lt;null&gt;" type="org.opentest4j.AssertionFailedError"><![CDATA[org.opentest4j.AssertionFailedError: expected: <200> but was: <null>
	at org.junit.jupiter.api.AssertionFailureBuilder.build(AssertionFailureBuilder.java:151)
	at org.junit.jupiter.api.AssertionFailureBuilder.buildAndThrow(AssertionFailureBuilder.java:132)
	at org.junit.jupiter.api.AssertEquals.failNotEqual(AssertEquals.java:197)
	at org.junit.jupiter.api.AssertEquals.assertEquals(AssertEquals.java:182)
	at org.junit.jupiter.api.AssertEquals.assertEquals(AssertEquals.java:177)
	at org.junit.jupiter.api.Assertions.assertEquals(Assertions.java:1145)
	at org.hisp.dhis.integration.camel.route.HelloWorldRouteBuilderFunctionalTestCase.testConfigure(HelloWorldRouteBuilderFunctionalTestCase.java:67)
	at java.base/java.lang.reflect.Method.invoke(Method.java:569)
	at java.base/java.util.ArrayList.forEach(ArrayList.java:1511)
	at java.base/java.util.ArrayList.forEach(ArrayList.java:1511)
]]></failure>
    <system-out><![CDATA[14:36:53.711 [main] INFO org.springframework.test.context.support.AnnotationConfigContextLoaderUtils -- Could not detect default configuration classes for test class [org.hisp.dhis.integration.camel.route.HelloWorldRouteBuilderFunctionalTestCase]: HelloWorldRouteBuilderFunctionalTestCase does not declare any static, non-private, non-final, nested classes annotated with @Configuration.
14:36:53.785 [main] INFO org.springframework.boot.test.context.SpringBootTestContextBootstrapper -- Found @SpringBootConfiguration org.hisp.dhis.integration.camel.Application for test class org.hisp.dhis.integration.camel.route.HelloWorldRouteBuilderFunctionalTestCase
14:36:53.876 [main] INFO org.testcontainers.images.PullPolicy -- Image pull policy will be performed by: DefaultPullPolicy()
14:36:53.877 [main] INFO org.testcontainers.utility.ImageNameSubstitutor -- Image name substitution will be performed by: DefaultImageNameSubstitutor (composite of 'ConfigurationFileImageNameSubstitutor' and 'PrefixingImageNameSubstitutor')
14:36:53.977 [main] INFO org.testcontainers.dockerclient.DockerClientProviderStrategy -- Loaded org.testcontainers.dockerclient.UnixSocketClientProviderStrategy from ~/.testcontainers.properties, will try it first
14:36:54.135 [main] INFO org.testcontainers.dockerclient.DockerClientProviderStrategy -- Found Docker environment with local Unix socket (unix:///var/run/docker.sock)
14:36:54.136 [main] INFO org.testcontainers.DockerClientFactory -- Docker host IP address is localhost
14:36:54.145 [main] INFO org.testcontainers.DockerClientFactory -- Connected to docker: 
  Server Version: 27.2.1
  API Version: 1.47
  Operating System: Ubuntu 22.04.5 LTS
  Total Memory: 31857 MB
14:36:54.158 [main] INFO tc.testcontainers/ryuk:0.7.0 -- Creating container for image: testcontainers/ryuk:0.7.0
14:36:54.160 [main] INFO org.testcontainers.utility.RegistryAuthLocator -- Failure when attempting to lookup auth config. Please ignore if you don't have images in an authenticated registry. Details: (dockerImageName: testcontainers/ryuk:0.7.0, configFile: /home/cjmamo/.docker/config.json, configEnv: DOCKER_AUTH_CONFIG). Falling back to docker-java default behaviour. Exception message: Status 404: No config supplied. Checked in order: /home/cjmamo/.docker/config.json (file not found), DOCKER_AUTH_CONFIG (not set)
14:36:54.333 [main] INFO tc.testcontainers/ryuk:0.7.0 -- Container testcontainers/ryuk:0.7.0 is starting: 1b3a851939883b7dd1c32309b1a8d89c172fa7755d833b3091efa135f76817c0
14:36:54.599 [main] INFO tc.testcontainers/ryuk:0.7.0 -- Container testcontainers/ryuk:0.7.0 started in PT0.441361832S
14:36:54.602 [main] INFO org.testcontainers.utility.RyukResourceReaper -- Ryuk started - will monitor and terminate Testcontainers containers on JVM exit
14:36:54.602 [main] INFO org.testcontainers.DockerClientFactory -- Checking the system...
14:36:54.602 [main] INFO org.testcontainers.DockerClientFactory -- ✔︎ Docker server version should be at least 1.6.0
14:36:54.603 [main] INFO tc.hapiproject/hapi:v7.4.0-tomcat -- Creating container for image: hapiproject/hapi:v7.4.0-tomcat
14:36:54.700 [main] INFO tc.hapiproject/hapi:v7.4.0-tomcat -- Container hapiproject/hapi:v7.4.0-tomcat is starting: b847ffa0e8e1d60c18efeab15a760cdbcb3754a4b414176329ca4b4acc5d62de
14:36:54.915 [main] INFO org.testcontainers.containers.wait.strategy.HttpWaitStrategy -- /compassionate_diffie: Waiting for 120 seconds for URL: http://localhost:32971/ (where port 32971 maps to container port 8080)
14:37:16.747 [main] INFO tc.hapiproject/hapi:v7.4.0-tomcat -- Container hapiproject/hapi:v7.4.0-tomcat started in PT22.144321758S
14:37:16.757 [main] INFO org.apache.camel.test.spring.junit5.CamelSpringBootExecutionListener -- CamelSpringBootExecutionListener preparing: class org.hisp.dhis.integration.camel.route.HelloWorldRouteBuilderFunctionalTestCase
14:37:16.763 [main] INFO org.apache.camel.test.spring.junit5.CamelAnnotationsHandler -- Disabling Camel JMX globally for tests by default. Use the DisableJMX annotation to override the default setting.

  .   ____          _            __ _ _
 /\\ / ___'_ __ _ _(_)_ __  __ _ \ \ \ \
( ( )\___ | '_ | '_| | '_ \/ _` | \ \ \ \
 \\/  ___)| |_)| | | | | || (_| |  ) ) ) )
  '  |____| .__|_| |_|_| |_\__, | / / / /
 =========|_|==============|___/=/_/_/_/

 :: Spring Boot ::                (v3.3.4)

2024-09-24T14:37:17.213+02:00  WARN 614579 --- [           main] ory$DuplicateJsonObjectContextCustomizer : 

Found multiple occurrences of org.json.JSONObject on the class path:

	jar:file:/home/cjmamo/.m2/repository/org/json/json/20240303/json-20240303.jar!/org/json/JSONObject.class
	jar:file:/home/cjmamo/.m2/repository/com/vaadin/external/google/android-json/0.0.20131108.vaadin1/android-json-0.0.20131108.vaadin1.jar!/org/json/JSONObject.class

You may wish to exclude one of them to ensure predictable runtime behavior

2024-09-24T14:37:17.227+02:00  INFO 614579 --- [           main] HelloWorldRouteBuilderFunctionalTestCase : Starting HelloWorldRouteBuilderFunctionalTestCase using Java 17.0.12 with PID 614579 (started by cjmamo in /home/cjmamo/scm/dhis2/reference-fhir-civil-registry-lookup/oauth-route-middleware)
2024-09-24T14:37:17.228+02:00  INFO 614579 --- [           main] HelloWorldRouteBuilderFunctionalTestCase : No active profile set, falling back to 1 default profile: "default"
2024-09-24T14:37:18.522+02:00  INFO 614579 --- [           main] o.s.b.w.embedded.tomcat.TomcatWebServer  : Tomcat initialized with port 0 (http)
2024-09-24T14:37:18.530+02:00  INFO 614579 --- [           main] o.apache.catalina.core.StandardService   : Starting service [Tomcat]
2024-09-24T14:37:18.531+02:00  INFO 614579 --- [           main] o.apache.catalina.core.StandardEngine    : Starting Servlet engine: [Apache Tomcat/10.1.30]
2024-09-24T14:37:18.581+02:00  INFO 614579 --- [           main] o.a.c.c.C.[Tomcat].[localhost].[/]       : Initializing Spring embedded WebApplicationContext
2024-09-24T14:37:18.581+02:00  INFO 614579 --- [           main] w.s.c.ServletWebServerApplicationContext : Root WebApplicationContext: initialization completed in 1199 ms
2024-09-24T14:37:18.701+02:00  INFO 614579 --- [           main] o.s.b.a.e.web.ServletEndpointRegistrar   : Registered '/management/jolokia' to jolokia-actuator-endpoint
2024-09-24T14:37:18.712+02:00  INFO 614579 --- [           main] io.hawt.HawtioContextListener            : Initialising Hawtio services
2024-09-24T14:37:18.747+02:00  INFO 614579 --- [           main] io.hawt.jmx.JmxTreeWatcher               : Welcome to Hawtio 4.0.0
2024-09-24T14:37:18.749+02:00  INFO 614579 --- [           main] i.h.w.auth.AuthenticationConfiguration   : Authentication throttling is enabled
2024-09-24T14:37:18.763+02:00  INFO 614579 --- [           main] i.h.w.auth.AuthenticationConfiguration   : Starting hawtio authentication filter, JAAS authentication disabled
2024-09-24T14:37:18.769+02:00  INFO 614579 --- [           main] io.hawt.web.auth.LoginRedirectFilter     : Hawtio loginRedirectFilter is using 1800 sec. HttpSession timeout
2024-09-24T14:37:19.033+02:00  WARN 614579 --- [           main] .s.s.UserDetailsServiceAutoConfiguration : 

Using generated security password: 71b1c7d5-8e61-4c3e-8513-7d3113e2f807

This generated password is for development use only. Your security configuration must be updated before running your application in production.

2024-09-24T14:37:19.045+02:00  INFO 614579 --- [           main] r$InitializeUserDetailsManagerConfigurer : Global AuthenticationManager configured with UserDetailsService bean with name inMemoryUserDetailsManager
2024-09-24T14:37:19.298+02:00  INFO 614579 --- [           main] o.s.b.a.e.web.EndpointLinksResolver      : Exposing 18 endpoints beneath base path '/management'
2024-09-24T14:37:19.339+02:00  INFO 614579 --- [           main] ca.uhn.fhir.util.VersionUtil             : HAPI FHIR version 7.4.0 - Rev 71e9af61cf
2024-09-24T14:37:19.342+02:00  INFO 614579 --- [           main] ca.uhn.fhir.context.FhirContext          : Creating new FHIR context for FHIR version [R4]
2024-09-24T14:37:19.477+02:00  INFO 614579 --- [           main] ca.uhn.fhir.util.XmlUtil                 : Unable to determine StAX implementation: java.xml/META-INF/MANIFEST.MF not found
2024-09-24T14:37:19.905+02:00  INFO 614579 --- [           main] o.a.c.c.s.CamelHttpTransportServlet      : Initialized CamelHttpTransportServlet[name=CamelServlet, contextPath=]
2024-09-24T14:37:19.906+02:00  INFO 614579 --- [           main] o.s.b.w.embedded.tomcat.TomcatWebServer  : Tomcat started on port 35543 (http) with context path '/'
2024-09-24T14:37:20.024+02:00  INFO 614579 --- [           main] HelloWorldRouteBuilderFunctionalTestCase : Started HelloWorldRouteBuilderFunctionalTestCase in 3.232 seconds (process running for 26.861)
2024-09-24T14:37:20.029+02:00  INFO 614579 --- [           main] o.a.c.t.s.j.CamelAnnotationsHandler      : Setting shutdown timeout to [10 SECONDS] on CamelContext with name [camelContext].
2024-09-24T14:37:20.051+02:00  INFO 614579 --- [           main] c.t.s.j.CamelSpringBootExecutionListener : CamelSpringBootExecutionListener before: class org.hisp.dhis.integration.camel.route.HelloWorldRouteBuilderFunctionalTestCase.testConfigure
2024-09-24T14:37:20.052+02:00  INFO 614579 --- [           main] c.t.s.j.CamelSpringBootExecutionListener : Initialized CamelSpringBootExecutionListener now ready to start CamelContext
2024-09-24T14:37:20.052+02:00  INFO 614579 --- [           main] o.a.c.t.s.j.CamelAnnotationsHandler      : Starting CamelContext with name [camelContext].
2024-09-24T14:37:21.187+02:00  INFO 614579 --- [           main] o.a.c.impl.engine.AbstractCamelContext   : Apache Camel 4.8.0 (camel-1) is starting
2024-09-24T14:37:21.223+02:00  INFO 614579 --- [           main] ca.uhn.fhir.context.FhirContext          : Creating new FHIR context for FHIR version [R4]
2024-09-24T14:37:21.224+02:00  INFO 614579 --- [           main] c.s.b.CamelSpringBootApplicationListener : Starting CamelMainRunController to ensure the main thread keeps running
2024-09-24T14:37:21.224+02:00  INFO 614579 --- [inRunController] org.apache.camel.main.MainSupport        : Apache Camel (Main) 4.8.0 is starting
2024-09-24T14:37:21.226+02:00  INFO 614579 --- [           main] o.a.c.impl.engine.AbstractCamelContext   : Routes startup (total:1 rest-dsl:1)
2024-09-24T14:37:21.227+02:00  INFO 614579 --- [           main] o.a.c.impl.engine.AbstractCamelContext   :     Started route1 (rest://post:/find)
2024-09-24T14:37:21.227+02:00  INFO 614579 --- [           main] o.a.c.impl.engine.AbstractCamelContext   : Apache Camel 4.8.0 (camel-1) started in 38ms (build:0ms init:0ms start:38ms)
2024-09-24T14:37:22.440+02:00  INFO 614579 --- [1-auto-1-exec-1] o.a.c.c.C.[Tomcat].[localhost].[/]       : Initializing Spring DispatcherServlet 'dispatcherServlet'
2024-09-24T14:37:22.441+02:00  INFO 614579 --- [1-auto-1-exec-1] o.s.web.servlet.DispatcherServlet        : Initializing Servlet 'dispatcherServlet'
2024-09-24T14:37:22.442+02:00  INFO 614579 --- [1-auto-1-exec-1] o.s.web.servlet.DispatcherServlet        : Completed initialization in 1 ms
!!!!!!!!!!!!!!!!null
2024-09-24T14:37:22.495+02:00  INFO 614579 --- [           main] HelloWorldRouteBuilderFunctionalTestCase : ********************************************************************************
2024-09-24T14:37:22.495+02:00  INFO 614579 --- [           main] HelloWorldRouteBuilderFunctionalTestCase : Testing done: testConfigure (org.hisp.dhis.integration.camel.route.HelloWorldRouteBuilderFunctionalTestCase)
2024-09-24T14:37:22.495+02:00  INFO 614579 --- [           main] HelloWorldRouteBuilderFunctionalTestCase : Took: 1s266ms (1266 millis)
2024-09-24T14:37:22.496+02:00  INFO 614579 --- [           main] HelloWorldRouteBuilderFunctionalTestCase : ********************************************************************************
2024-09-24T14:37:22.496+02:00  INFO 614579 --- [           main] c.t.s.j.CamelSpringBootExecutionListener : CamelSpringBootExecutionListener after: class org.hisp.dhis.integration.camel.route.HelloWorldRouteBuilderFunctionalTestCase.testConfigure
]]></system-out>
  </testcase>
</testsuite>